This is pdfTeX, Version 3.141592653-2.6-1.40.24 (MiKTeX 22.7.30) (preloaded format=pdflatex 2022.8.5)  16 JAN 2023 10:06
entering extended mode
 restricted \write18 enabled.
 %&-line parsing enabled.
**./KST_Brüche.tex
(KST_Brüche.tex
LaTeX2e <2022-06-01> patch level 5
L3 programming layer <2022-07-15> (zielgruppe_TRAINER.tex) (FL_LayoutDoc.tex
(C:\Users\LP6FLanfranconi\AppData\Local\Programs\MiKTeX\tex/latex/extsizes\exta
rticle.cls
Document Class: extarticle 1996/10/08 v1.0 Non Standard LaTeX document class

(C:\Users\LP6FLanfranconi\AppData\Local\Programs\MiKTeX\tex/latex/extsizes\size
14.clo
File: size14.clo 1999/11/11 v1.4a NON-Standard LaTeX file (size option)
)
(C:\Users\LP6FLanfranconi\AppData\Local\Programs\MiKTeX\tex/latex/base\exscale.
sty
Package: exscale 2018/09/24 v2.1i Standard LaTeX package exscale
LaTeX Font Info:    Redeclaring symbol font `largesymbols' on input line 57.
LaTeX Font Info:    Overwriting symbol font `largesymbols' in version `normal'
(Font)                  OMX/cmex/m/n --> OMX/cmex/m/n on input line 57.
LaTeX Font Info:    Overwriting symbol font `largesymbols' in version `bold'
(Font)                  OMX/cmex/m/n --> OMX/cmex/m/n on input line 57.
\big@size=\dimen138
)
\c@part=\count185
\c@section=\count186
\c@subsection=\count187
\c@subsubsection=\count188
\c@paragraph=\count189
\c@subparagraph=\count190
\c@figure=\count191
\c@table=\count192
\abovecaptionskip=\skip47
\belowcaptionskip=\skip48
\bibindent=\dimen139
)
(C:\Users\LP6FLanfranconi\AppData\Local\Programs\MiKTeX\tex/latex/geometry\geom
etry.sty
Package: geometry 2020/01/02 v5.9 Page Geometry

(C:\Users\LP6FLanfranconi\AppData\Local\Programs\MiKTeX\tex/latex/graphics\keyv
al.sty
Package: keyval 2022/05/29 v1.15 key=value parser (DPC)
\KV@toks@=\toks16
)
(C:\Users\LP6FLanfranconi\AppData\Local\Programs\MiKTeX\tex/generic/iftex\ifvte
x.sty
Package: ifvtex 2019/10/25 v1.7 ifvtex legacy package. Use iftex instead.

(C:\Users\LP6FLanfranconi\AppData\Local\Programs\MiKTeX\tex/generic/iftex\iftex
.sty
Package: iftex 2022/02/03 v1.0f TeX engine tests
))
\Gm@cnth=\count193
\Gm@cntv=\count194
\c@Gm@tempcnt=\count195
\Gm@bindingoffset=\dimen140
\Gm@wd@mp=\dimen141
\Gm@odd@mp=\dimen142
\Gm@even@mp=\dimen143
\Gm@layoutwidth=\dimen144
\Gm@layoutheight=\dimen145
\Gm@layouthoffset=\dimen146
\Gm@layoutvoffset=\dimen147
\Gm@dimlist=\toks17

(C:\Users\LP6FLanfranconi\AppData\Local\Programs\MiKTeX\tex/latex/geometry\geom
etry.cfg)) (inputs/bbwInput.tex (zielgruppe_TALS.tex)
(inputs/bbwUsePackages.tex
(C:\Users\LP6FLanfranconi\AppData\Local\Programs\MiKTeX\tex/latex/mciteplus\mci
teplus.sty
Package: mciteplus 2013/09/13 v1.2 enhanced mcite
\@mcitetmptoksA=\toks18
\@mcitetmpdima=\dimen148
\@mcitetmpdimb=\dimen149
\@mcitetmpcnta=\count196
\@mcitetmpcntb=\count197
\c@mcitebibitemcount=\count198
\c@mcitesubitemcount=\count199
)
(C:\Users\LP6FLanfranconi\AppData\Local\Programs\MiKTeX\tex/latex/xcolor\xcolor
.sty
Package: xcolor 2022/06/12 v2.14 LaTeX color extensions (UK)

(C:\Users\LP6FLanfranconi\AppData\Local\Programs\MiKTeX\tex/latex/graphics-cfg\
color.cfg
File: color.cfg 2016/01/02 v1.6 sample color configuration
)
Package xcolor Info: Driver file: pdftex.def on input line 227.

(C:\Users\LP6FLanfranconi\AppData\Local\Programs\MiKTeX\tex/latex/graphics-def\
pdftex.def
File: pdftex.def 2020/10/05 v1.2a Graphics/color driver for pdftex
)
(C:\Users\LP6FLanfranconi\AppData\Local\Programs\MiKTeX\tex/latex/colortbl\colo
rtbl.sty
Package: colortbl 2020/01/04 v1.0e Color table columns (DPC)

(C:\Users\LP6FLanfranconi\AppData\Local\Programs\MiKTeX\tex/latex/tools\array.s
ty
Package: array 2021/10/04 v2.5f Tabular extension package (FMi)
\col@sep=\dimen150
\ar@mcellbox=\box51
\extrarowheight=\dimen151
\NC@list=\toks19
\extratabsurround=\skip49
\backup@length=\skip50
\ar@cellbox=\box52
)
\everycr=\toks20
\minrowclearance=\skip51
)
(C:\Users\LP6FLanfranconi\AppData\Local\Programs\MiKTeX\tex/latex-dev/graphics\
mathcolor.ltx)
\rownum=\count266
Package xcolor Info: Model `cmy' substituted by `cmy0' on input line 1353.
Package xcolor Info: Model `hsb' substituted by `rgb' on input line 1357.
Package xcolor Info: Model `RGB' extended on input line 1369.
Package xcolor Info: Model `HTML' substituted by `rgb' on input line 1371.
Package xcolor Info: Model `Hsb' substituted by `hsb' on input line 1372.
Package xcolor Info: Model `tHsb' substituted by `hsb' on input line 1373.
Package xcolor Info: Model `HSB' substituted by `hsb' on input line 1374.
Package xcolor Info: Model `Gray' substituted by `gray' on input line 1375.
Package xcolor Info: Model `wave' substituted by `hsb' on input line 1376.

(C:\Users\LP6FLanfranconi\AppData\Local\Programs\MiKTeX\tex/latex/graphics\dvip
snam.def
File: dvipsnam.def 2016/06/17 v3.0m Driver-dependent file (DPC,SPQR)
))
(C:\Users\LP6FLanfranconi\AppData\Local\Programs\MiKTeX\tex/latex/pgfplots\pgfp
lotstable.sty
(C:\Users\LP6FLanfranconi\AppData\Local\Programs\MiKTeX\tex/generic/pgfplots\pg
fplots.revision.tex)
Package: pgfplotstable 2021/05/15 v1.18.1 Table typesetting and Pretty-printing
 (1.18.1)

(C:\Users\LP6FLanfranconi\AppData\Local\Programs\MiKTeX\tex/latex/pgfplots\pgfp
lots.sty
(C:\Users\LP6FLanfranconi\AppData\Local\Programs\MiKTeX\tex/generic/pgfplots\pg
fplots.revision.tex)
Package: pgfplots 2021/05/15 v1.18.1 Data Visualization (1.18.1)

(C:\Users\LP6FLanfranconi\AppData\Local\Programs\MiKTeX\tex/latex/graphics\grap
hicx.sty
Package: graphicx 2021/09/16 v1.2d Enhanced LaTeX Graphics (DPC,SPQR)

(C:\Users\LP6FLanfranconi\AppData\Local\Programs\MiKTeX\tex/latex/graphics\grap
hics.sty
Package: graphics 2022/03/10 v1.4e Standard LaTeX Graphics (DPC,SPQR)

(C:\Users\LP6FLanfranconi\AppData\Local\Programs\MiKTeX\tex/latex/graphics\trig
.sty
Package: trig 2021/08/11 v1.11 sin cos tan (DPC)
)
(C:\Users\LP6FLanfranconi\AppData\Local\Programs\MiKTeX\tex/latex/graphics-cfg\
graphics.cfg
File: graphics.cfg 2016/06/04 v1.11 sample graphics configuration
)
Package graphics Info: Driver file: pdftex.def on input line 107.
)
\Gin@req@height=\dimen152
\Gin@req@width=\dimen153
)
(C:\Users\LP6FLanfranconi\AppData\Local\Programs\MiKTeX\tex/latex/pgf/frontendl
ayer\tikz.sty
(C:\Users\LP6FLanfranconi\AppData\Local\Programs\MiKTeX\tex/latex/pgf/basiclaye
r\pgf.sty
(C:\Users\LP6FLanfranconi\AppData\Local\Programs\MiKTeX\tex/latex/pgf/utilities
\pgfrcs.sty
(C:\Users\LP6FLanfranconi\AppData\Local\Programs\MiKTeX\tex/generic/pgf/utiliti
es\pgfutil-common.tex
\pgfutil@everybye=\toks21
\pgfutil@tempdima=\dimen154
\pgfutil@tempdimb=\dimen155

(C:\Users\LP6FLanfranconi\AppData\Local\Programs\MiKTeX\tex/generic/pgf/utiliti
es\pgfutil-common-lists.tex))
(C:\Users\LP6FLanfranconi\AppData\Local\Programs\MiKTeX\tex/generic/pgf/utiliti
es\pgfutil-latex.def
\pgfutil@abb=\box53
)
(C:\Users\LP6FLanfranconi\AppData\Local\Programs\MiKTeX\tex/generic/pgf/utiliti
es\pgfrcs.code.tex
(C:\Users\LP6FLanfranconi\AppData\Local\Programs\MiKTeX\tex/generic/pgf\pgf.rev
ision.tex)
Package: pgfrcs 2021/05/15 v3.1.9a (3.1.9a)
))
Package: pgf 2021/05/15 v3.1.9a (3.1.9a)

(C:\Users\LP6FLanfranconi\AppData\Local\Programs\MiKTeX\tex/latex/pgf/basiclaye
r\pgfcore.sty
(C:\Users\LP6FLanfranconi\AppData\Local\Programs\MiKTeX\tex/latex/pgf/systemlay
er\pgfsys.sty
(C:\Users\LP6FLanfranconi\AppData\Local\Programs\MiKTeX\tex/generic/pgf/systeml
ayer\pgfsys.code.tex
Package: pgfsys 2021/05/15 v3.1.9a (3.1.9a)

(C:\Users\LP6FLanfranconi\AppData\Local\Programs\MiKTeX\tex/generic/pgf/utiliti
es\pgfkeys.code.tex
\pgfkeys@pathtoks=\toks22
\pgfkeys@temptoks=\toks23

(C:\Users\LP6FLanfranconi\AppData\Local\Programs\MiKTeX\tex/generic/pgf/utiliti
es\pgfkeysfiltered.code.tex
\pgfkeys@tmptoks=\toks24
))
\pgf@x=\dimen156
\pgf@y=\dimen157
\pgf@xa=\dimen158
\pgf@ya=\dimen159
\pgf@xb=\dimen160
\pgf@yb=\dimen161
\pgf@xc=\dimen162
\pgf@yc=\dimen163
\pgf@xd=\dimen164
\pgf@yd=\dimen165
\w@pgf@writea=\write3
\r@pgf@reada=\read2
\c@pgf@counta=\count267
\c@pgf@countb=\count268
\c@pgf@countc=\count269
\c@pgf@countd=\count270
\t@pgf@toka=\toks25
\t@pgf@tokb=\toks26
\t@pgf@tokc=\toks27
\pgf@sys@id@count=\count271

(C:\Users\LP6FLanfranconi\AppData\Local\Programs\MiKTeX\tex/generic/pgf/systeml
ayer\pgf.cfg
File: pgf.cfg 2021/05/15 v3.1.9a (3.1.9a)
)
Driver file for pgf: pgfsys-pdftex.def

(C:\Users\LP6FLanfranconi\AppData\Local\Programs\MiKTeX\tex/generic/pgf/systeml
ayer\pgfsys-pdftex.def
File: pgfsys-pdftex.def 2021/05/15 v3.1.9a (3.1.9a)

(C:\Users\LP6FLanfranconi\AppData\Local\Programs\MiKTeX\tex/generic/pgf/systeml
ayer\pgfsys-common-pdf.def
File: pgfsys-common-pdf.def 2021/05/15 v3.1.9a (3.1.9a)
)))
(C:\Users\LP6FLanfranconi\AppData\Local\Programs\MiKTeX\tex/generic/pgf/systeml
ayer\pgfsyssoftpath.code.tex
File: pgfsyssoftpath.code.tex 2021/05/15 v3.1.9a (3.1.9a)
\pgfsyssoftpath@smallbuffer@items=\count272
\pgfsyssoftpath@bigbuffer@items=\count273
)
(C:\Users\LP6FLanfranconi\AppData\Local\Programs\MiKTeX\tex/generic/pgf/systeml
ayer\pgfsysprotocol.code.tex
File: pgfsysprotocol.code.tex 2021/05/15 v3.1.9a (3.1.9a)
))
(C:\Users\LP6FLanfranconi\AppData\Local\Programs\MiKTeX\tex/generic/pgf/basicla
yer\pgfcore.code.tex
Package: pgfcore 2021/05/15 v3.1.9a (3.1.9a)

(C:\Users\LP6FLanfranconi\AppData\Local\Programs\MiKTeX\tex/generic/pgf/math\pg
fmath.code.tex
(C:\Users\LP6FLanfranconi\AppData\Local\Programs\MiKTeX\tex/generic/pgf/math\pg
fmathcalc.code.tex
(C:\Users\LP6FLanfranconi\AppData\Local\Programs\MiKTeX\tex/generic/pgf/math\pg
fmathutil.code.tex)
(C:\Users\LP6FLanfranconi\AppData\Local\Programs\MiKTeX\tex/generic/pgf/math\pg
fmathparser.code.tex
\pgfmath@dimen=\dimen166
\pgfmath@count=\count274
\pgfmath@box=\box54
\pgfmath@toks=\toks28
\pgfmath@stack@operand=\toks29
\pgfmath@stack@operation=\toks30
)
(C:\Users\LP6FLanfranconi\AppData\Local\Programs\MiKTeX\tex/generic/pgf/math\pg
fmathfunctions.code.tex
(C:\Users\LP6FLanfranconi\AppData\Local\Programs\MiKTeX\tex/generic/pgf/math\pg
fmathfunctions.basic.code.tex)
(C:\Users\LP6FLanfranconi\AppData\Local\Programs\MiKTeX\tex/generic/pgf/math\pg
fmathfunctions.trigonometric.code.tex)
(C:\Users\LP6FLanfranconi\AppData\Local\Programs\MiKTeX\tex/generic/pgf/math\pg
fmathfunctions.random.code.tex)
(C:\Users\LP6FLanfranconi\AppData\Local\Programs\MiKTeX\tex/generic/pgf/math\pg
fmathfunctions.comparison.code.tex)
(C:\Users\LP6FLanfranconi\AppData\Local\Programs\MiKTeX\tex/generic/pgf/math\pg
fmathfunctions.base.code.tex)
(C:\Users\LP6FLanfranconi\AppData\Local\Programs\MiKTeX\tex/generic/pgf/math\pg
fmathfunctions.round.code.tex)
(C:\Users\LP6FLanfranconi\AppData\Local\Programs\MiKTeX\tex/generic/pgf/math\pg
fmathfunctions.misc.code.tex)
(C:\Users\LP6FLanfranconi\AppData\Local\Programs\MiKTeX\tex/generic/pgf/math\pg
fmathfunctions.integerarithmetics.code.tex)))
(C:\Users\LP6FLanfranconi\AppData\Local\Programs\MiKTeX\tex/generic/pgf/math\pg
fmathfloat.code.tex
\c@pgfmathroundto@lastzeros=\count275
))
(C:\Users\LP6FLanfranconi\AppData\Local\Programs\MiKTeX\tex/generic/pgf/math\pg
fint.code.tex)
(C:\Users\LP6FLanfranconi\AppData\Local\Programs\MiKTeX\tex/generic/pgf/basicla
yer\pgfcorepoints.code.tex
File: pgfcorepoints.code.tex 2021/05/15 v3.1.9a (3.1.9a)
\pgf@picminx=\dimen167
\pgf@picmaxx=\dimen168
\pgf@picminy=\dimen169
\pgf@picmaxy=\dimen170
\pgf@pathminx=\dimen171
\pgf@pathmaxx=\dimen172
\pgf@pathminy=\dimen173
\pgf@pathmaxy=\dimen174
\pgf@xx=\dimen175
\pgf@xy=\dimen176
\pgf@yx=\dimen177
\pgf@yy=\dimen178
\pgf@zx=\dimen179
\pgf@zy=\dimen180
)
(C:\Users\LP6FLanfranconi\AppData\Local\Programs\MiKTeX\tex/generic/pgf/basicla
yer\pgfcorepathconstruct.code.tex
File: pgfcorepathconstruct.code.tex 2021/05/15 v3.1.9a (3.1.9a)
\pgf@path@lastx=\dimen181
\pgf@path@lasty=\dimen182
)
(C:\Users\LP6FLanfranconi\AppData\Local\Programs\MiKTeX\tex/generic/pgf/basicla
yer\pgfcorepathusage.code.tex
File: pgfcorepathusage.code.tex 2021/05/15 v3.1.9a (3.1.9a)
\pgf@shorten@end@additional=\dimen183
\pgf@shorten@start@additional=\dimen184
)
(C:\Users\LP6FLanfranconi\AppData\Local\Programs\MiKTeX\tex/generic/pgf/basicla
yer\pgfcorescopes.code.tex
File: pgfcorescopes.code.tex 2021/05/15 v3.1.9a (3.1.9a)
\pgfpic=\box55
\pgf@hbox=\box56
\pgf@layerbox@main=\box57
\pgf@picture@serial@count=\count276
)
(C:\Users\LP6FLanfranconi\AppData\Local\Programs\MiKTeX\tex/generic/pgf/basicla
yer\pgfcoregraphicstate.code.tex
File: pgfcoregraphicstate.code.tex 2021/05/15 v3.1.9a (3.1.9a)
\pgflinewidth=\dimen185
)
(C:\Users\LP6FLanfranconi\AppData\Local\Programs\MiKTeX\tex/generic/pgf/basicla
yer\pgfcoretransformations.code.tex
File: pgfcoretransformations.code.tex 2021/05/15 v3.1.9a (3.1.9a)
\pgf@pt@x=\dimen186
\pgf@pt@y=\dimen187
\pgf@pt@temp=\dimen188
)
(C:\Users\LP6FLanfranconi\AppData\Local\Programs\MiKTeX\tex/generic/pgf/basicla
yer\pgfcorequick.code.tex
File: pgfcorequick.code.tex 2021/05/15 v3.1.9a (3.1.9a)
)
(C:\Users\LP6FLanfranconi\AppData\Local\Programs\MiKTeX\tex/generic/pgf/basicla
yer\pgfcoreobjects.code.tex
File: pgfcoreobjects.code.tex 2021/05/15 v3.1.9a (3.1.9a)
)
(C:\Users\LP6FLanfranconi\AppData\Local\Programs\MiKTeX\tex/generic/pgf/basicla
yer\pgfcorepathprocessing.code.tex
File: pgfcorepathprocessing.code.tex 2021/05/15 v3.1.9a (3.1.9a)
)
(C:\Users\LP6FLanfranconi\AppData\Local\Programs\MiKTeX\tex/generic/pgf/basicla
yer\pgfcorearrows.code.tex
File: pgfcorearrows.code.tex 2021/05/15 v3.1.9a (3.1.9a)
\pgfarrowsep=\dimen189
)
(C:\Users\LP6FLanfranconi\AppData\Local\Programs\MiKTeX\tex/generic/pgf/basicla
yer\pgfcoreshade.code.tex
File: pgfcoreshade.code.tex 2021/05/15 v3.1.9a (3.1.9a)
\pgf@max=\dimen190
\pgf@sys@shading@range@num=\count277
\pgf@shadingcount=\count278
)
(C:\Users\LP6FLanfranconi\AppData\Local\Programs\MiKTeX\tex/generic/pgf/basicla
yer\pgfcoreimage.code.tex
File: pgfcoreimage.code.tex 2021/05/15 v3.1.9a (3.1.9a)

(C:\Users\LP6FLanfranconi\AppData\Local\Programs\MiKTeX\tex/generic/pgf/basicla
yer\pgfcoreexternal.code.tex
File: pgfcoreexternal.code.tex 2021/05/15 v3.1.9a (3.1.9a)
\pgfexternal@startupbox=\box58
))
(C:\Users\LP6FLanfranconi\AppData\Local\Programs\MiKTeX\tex/generic/pgf/basicla
yer\pgfcorelayers.code.tex
File: pgfcorelayers.code.tex 2021/05/15 v3.1.9a (3.1.9a)
)
(C:\Users\LP6FLanfranconi\AppData\Local\Programs\MiKTeX\tex/generic/pgf/basicla
yer\pgfcoretransparency.code.tex
File: pgfcoretransparency.code.tex 2021/05/15 v3.1.9a (3.1.9a)
)
(C:\Users\LP6FLanfranconi\AppData\Local\Programs\MiKTeX\tex/generic/pgf/basicla
yer\pgfcorepatterns.code.tex
File: pgfcorepatterns.code.tex 2021/05/15 v3.1.9a (3.1.9a)
)
(C:\Users\LP6FLanfranconi\AppData\Local\Programs\MiKTeX\tex/generic/pgf/basicla
yer\pgfcorerdf.code.tex
File: pgfcorerdf.code.tex 2021/05/15 v3.1.9a (3.1.9a)
)))
(C:\Users\LP6FLanfranconi\AppData\Local\Programs\MiKTeX\tex/generic/pgf/modules
\pgfmoduleshapes.code.tex
File: pgfmoduleshapes.code.tex 2021/05/15 v3.1.9a (3.1.9a)
\pgfnodeparttextbox=\box59
)
(C:\Users\LP6FLanfranconi\AppData\Local\Programs\MiKTeX\tex/generic/pgf/modules
\pgfmoduleplot.code.tex
File: pgfmoduleplot.code.tex 2021/05/15 v3.1.9a (3.1.9a)
)
(C:\Users\LP6FLanfranconi\AppData\Local\Programs\MiKTeX\tex/latex/pgf/compatibi
lity\pgfcomp-version-0-65.sty
Package: pgfcomp-version-0-65 2021/05/15 v3.1.9a (3.1.9a)
\pgf@nodesepstart=\dimen191
\pgf@nodesepend=\dimen192
)
(C:\Users\LP6FLanfranconi\AppData\Local\Programs\MiKTeX\tex/latex/pgf/compatibi
lity\pgfcomp-version-1-18.sty
Package: pgfcomp-version-1-18 2021/05/15 v3.1.9a (3.1.9a)
))
(C:\Users\LP6FLanfranconi\AppData\Local\Programs\MiKTeX\tex/latex/pgf/utilities
\pgffor.sty
(C:\Users\LP6FLanfranconi\AppData\Local\Programs\MiKTeX\tex/latex/pgf/utilities
\pgfkeys.sty
(C:\Users\LP6FLanfranconi\AppData\Local\Programs\MiKTeX\tex/generic/pgf/utiliti
es\pgfkeys.code.tex))
(C:\Users\LP6FLanfranconi\AppData\Local\Programs\MiKTeX\tex/latex/pgf/math\pgfm
ath.sty
(C:\Users\LP6FLanfranconi\AppData\Local\Programs\MiKTeX\tex/generic/pgf/math\pg
fmath.code.tex))
(C:\Users\LP6FLanfranconi\AppData\Local\Programs\MiKTeX\tex/generic/pgf/utiliti
es\pgffor.code.tex
Package: pgffor 2021/05/15 v3.1.9a (3.1.9a)

(C:\Users\LP6FLanfranconi\AppData\Local\Programs\MiKTeX\tex/generic/pgf/math\pg
fmath.code.tex)
\pgffor@iter=\dimen193
\pgffor@skip=\dimen194
\pgffor@stack=\toks31
\pgffor@toks=\toks32
))
(C:\Users\LP6FLanfranconi\AppData\Local\Programs\MiKTeX\tex/generic/pgf/fronten
dlayer/tikz\tikz.code.tex
Package: tikz 2021/05/15 v3.1.9a (3.1.9a)

(C:\Users\LP6FLanfranconi\AppData\Local\Programs\MiKTeX\tex/generic/pgf/librari
es\pgflibraryplothandlers.code.tex
File: pgflibraryplothandlers.code.tex 2021/05/15 v3.1.9a (3.1.9a)
\pgf@plot@mark@count=\count279
\pgfplotmarksize=\dimen195
)
\tikz@lastx=\dimen196
\tikz@lasty=\dimen197
\tikz@lastxsaved=\dimen198
\tikz@lastysaved=\dimen199
\tikz@lastmovetox=\dimen256
\tikz@lastmovetoy=\dimen257
\tikzleveldistance=\dimen258
\tikzsiblingdistance=\dimen259
\tikz@figbox=\box60
\tikz@figbox@bg=\box61
\tikz@tempbox=\box62
\tikz@tempbox@bg=\box63
\tikztreelevel=\count280
\tikznumberofchildren=\count281
\tikznumberofcurrentchild=\count282
\tikz@fig@count=\count283

(C:\Users\LP6FLanfranconi\AppData\Local\Programs\MiKTeX\tex/generic/pgf/modules
\pgfmodulematrix.code.tex
File: pgfmodulematrix.code.tex 2021/05/15 v3.1.9a (3.1.9a)
\pgfmatrixcurrentrow=\count284
\pgfmatrixcurrentcolumn=\count285
\pgf@matrix@numberofcolumns=\count286
)
\tikz@expandcount=\count287

(C:\Users\LP6FLanfranconi\AppData\Local\Programs\MiKTeX\tex/generic/pgf/fronten
dlayer/tikz/libraries\tikzlibrarytopaths.code.tex
File: tikzlibrarytopaths.code.tex 2021/05/15 v3.1.9a (3.1.9a)
)))
(C:\Users\LP6FLanfranconi\AppData\Local\Programs\MiKTeX\tex/generic/pgfplots\pg
fplots.code.tex
(C:\Users\LP6FLanfranconi\AppData\Local\Programs\MiKTeX\tex/generic/pgfplots\pg
fplotscore.code.tex
\t@pgfplots@toka=\toks33
\t@pgfplots@tokb=\toks34
\t@pgfplots@tokc=\toks35
\pgfplots@tmpa=\dimen260
\c@pgfplots@coordindex=\count288
\c@pgfplots@scanlineindex=\count289

(C:\Users\LP6FLanfranconi\AppData\Local\Programs\MiKTeX\tex/generic/pgfplots/sy
s\pgfplotssysgeneric.code.tex))
(C:\Users\LP6FLanfranconi\AppData\Local\Programs\MiKTeX\tex/generic/pgfplots/li
bs\pgfplotslibrary.code.tex)
(C:\Users\LP6FLanfranconi\AppData\Local\Programs\MiKTeX\tex/generic/pgfplots/ol
dpgfcompatib\pgfplotsoldpgfsupp_loader.code.tex
(C:\Users\LP6FLanfranconi\AppData\Local\Programs\MiKTeX\tex/generic/pgf/librari
es\pgflibraryfpu.code.tex))
(C:\Users\LP6FLanfranconi\AppData\Local\Programs\MiKTeX\tex/generic/pgfplots/ut
il\pgfplotsutil.code.tex
(C:\Users\LP6FLanfranconi\AppData\Local\Programs\MiKTeX\tex/generic/pgfplots/li
ststructure\pgfplotsliststructure.code.tex)
(C:\Users\LP6FLanfranconi\AppData\Local\Programs\MiKTeX\tex/generic/pgfplots/li
ststructure\pgfplotsliststructureext.code.tex)
(C:\Users\LP6FLanfranconi\AppData\Local\Programs\MiKTeX\tex/generic/pgfplots/li
ststructure\pgfplotsarray.code.tex
\c@pgfplotsarray@tmp=\count290
)
(C:\Users\LP6FLanfranconi\AppData\Local\Programs\MiKTeX\tex/generic/pgfplots/li
ststructure\pgfplotsmatrix.code.tex)
(C:\Users\LP6FLanfranconi\AppData\Local\Programs\MiKTeX\tex/generic/pgfplots/nu
mtable\pgfplotstableshared.code.tex
\c@pgfplotstable@counta=\count291
\t@pgfplotstable@a=\toks36
)
(C:\Users\LP6FLanfranconi\AppData\Local\Programs\MiKTeX\tex/generic/pgfplots/li
ststructure\pgfplotsdeque.code.tex)
(C:\Users\LP6FLanfranconi\AppData\Local\Programs\MiKTeX\tex/generic/pgfplots/ut
il\pgfplotsbinary.code.tex
(C:\Users\LP6FLanfranconi\AppData\Local\Programs\MiKTeX\tex/generic/pgfplots/ut
il\pgfplotsbinary.data.code.tex))
(C:\Users\LP6FLanfranconi\AppData\Local\Programs\MiKTeX\tex/generic/pgfplots/ut
il\pgfplotsutil.verb.code.tex)
(C:\Users\LP6FLanfranconi\AppData\Local\Programs\MiKTeX\tex/generic/pgfplots/li
bs\pgflibrarypgfplots.surfshading.code.tex
\c@pgfplotslibrarysurf@no=\count292

(C:\Users\LP6FLanfranconi\AppData\Local\Programs\MiKTeX\tex/generic/pgfplots/sy
s\pgflibrarypgfplots.surfshading.pgfsys-pdftex.def)))
(C:\Users\LP6FLanfranconi\AppData\Local\Programs\MiKTeX\tex/generic/pgfplots/ut
il\pgfplotscolormap.code.tex
(C:\Users\LP6FLanfranconi\AppData\Local\Programs\MiKTeX\tex/generic/pgfplots/ut
il\pgfplotscolor.code.tex))
(C:\Users\LP6FLanfranconi\AppData\Local\Programs\MiKTeX\tex/generic/pgfplots\pg
fplotsstackedplots.code.tex)
(C:\Users\LP6FLanfranconi\AppData\Local\Programs\MiKTeX\tex/generic/pgfplots\pg
fplotsplothandlers.code.tex
(C:\Users\LP6FLanfranconi\AppData\Local\Programs\MiKTeX\tex/generic/pgfplots\pg
fplotsmeshplothandler.code.tex
(C:\Users\LP6FLanfranconi\AppData\Local\Programs\MiKTeX\tex/generic/pgfplots\pg
fplotsmeshplotimage.code.tex)))
(C:\Users\LP6FLanfranconi\AppData\Local\Programs\MiKTeX\tex/generic/pgfplots\pg
fplots.scaling.code.tex)
(C:\Users\LP6FLanfranconi\AppData\Local\Programs\MiKTeX\tex/generic/pgfplots\pg
fplotscoordprocessing.code.tex)
(C:\Users\LP6FLanfranconi\AppData\Local\Programs\MiKTeX\tex/generic/pgfplots\pg
fplots.errorbars.code.tex)
(C:\Users\LP6FLanfranconi\AppData\Local\Programs\MiKTeX\tex/generic/pgfplots\pg
fplots.markers.code.tex)
(C:\Users\LP6FLanfranconi\AppData\Local\Programs\MiKTeX\tex/generic/pgfplots\pg
fplotsticks.code.tex)
(C:\Users\LP6FLanfranconi\AppData\Local\Programs\MiKTeX\tex/generic/pgfplots\pg
fplots.paths.code.tex)
(C:\Users\LP6FLanfranconi\AppData\Local\Programs\MiKTeX\tex/generic/pgf/fronten
dlayer/tikz/libraries\tikzlibrarydecorations.code.tex
(C:\Users\LP6FLanfranconi\AppData\Local\Programs\MiKTeX\tex/generic/pgf/modules
\pgfmoduledecorations.code.tex
\pgfdecoratedcompleteddistance=\dimen261
\pgfdecoratedremainingdistance=\dimen262
\pgfdecoratedinputsegmentcompleteddistance=\dimen263
\pgfdecoratedinputsegmentremainingdistance=\dimen264
\pgf@decorate@distancetomove=\dimen265
\pgf@decorate@repeatstate=\count293
\pgfdecorationsegmentamplitude=\dimen266
\pgfdecorationsegmentlength=\dimen267
)
\tikz@lib@dec@box=\box64
)
(C:\Users\LP6FLanfranconi\AppData\Local\Programs\MiKTeX\tex/generic/pgf/fronten
dlayer/tikz/libraries\tikzlibrarydecorations.pathmorphing.code.tex
(C:\Users\LP6FLanfranconi\AppData\Local\Programs\MiKTeX\tex/generic/pgf/librari
es/decorations\pgflibrarydecorations.pathmorphing.code.tex))
(C:\Users\LP6FLanfranconi\AppData\Local\Programs\MiKTeX\tex/generic/pgf/fronten
dlayer/tikz/libraries\tikzlibrarydecorations.pathreplacing.code.tex
(C:\Users\LP6FLanfranconi\AppData\Local\Programs\MiKTeX\tex/generic/pgf/librari
es/decorations\pgflibrarydecorations.pathreplacing.code.tex))
(C:\Users\LP6FLanfranconi\AppData\Local\Programs\MiKTeX\tex/generic/pgfplots/li
bs\tikzlibrarypgfplots.contourlua.code.tex)
\pgfplots@numplots=\count294
\pgfplots@xmin@reg=\dimen268
\pgfplots@xmax@reg=\dimen269
\pgfplots@ymin@reg=\dimen270
\pgfplots@ymax@reg=\dimen271
\pgfplots@zmin@reg=\dimen272
\pgfplots@zmax@reg=\dimen273
)
(C:\Users\LP6FLanfranconi\AppData\Local\Programs\MiKTeX\tex/generic/pgf/fronten
dlayer/tikz/libraries\tikzlibraryplotmarks.code.tex
File: tikzlibraryplotmarks.code.tex 2021/05/15 v3.1.9a (3.1.9a)

(C:\Users\LP6FLanfranconi\AppData\Local\Programs\MiKTeX\tex/generic/pgf/librari
es\pgflibraryplotmarks.code.tex
File: pgflibraryplotmarks.code.tex 2021/05/15 v3.1.9a (3.1.9a)
)))
(C:\Users\LP6FLanfranconi\AppData\Local\Programs\MiKTeX\tex/generic/pgfplots/nu
mtable\pgfplotstable.code.tex
(C:\Users\LP6FLanfranconi\AppData\Local\Programs\MiKTeX\tex/generic/pgfplots/nu
mtable\pgfplotstable.coltype.code.tex)))
(C:\Users\LP6FLanfranconi\AppData\Local\Programs\MiKTeX\tex/latex/tkz-euclide\t
kz-euclide.sty
2022/07/28 4.22c tkz-euclide.sty
Package: tkz-euclide  2022/07/28 4.22c for pure Euclidean Geometry 

(C:\Users\LP6FLanfranconi\AppData\Local\Programs\MiKTeX\tex/generic/pgf/fronten
dlayer/tikz/libraries\tikzlibraryangles.code.tex
File: tikzlibraryangles.code.tex 2021/05/15 v3.1.9a (3.1.9a)
)
(C:\Users\LP6FLanfranconi\AppData\Local\Programs\MiKTeX\tex/generic/pgf/fronten
dlayer/tikz/libraries\tikzlibraryarrows.code.tex
File: tikzlibraryarrows.code.tex 2021/05/15 v3.1.9a (3.1.9a)

(C:\Users\LP6FLanfranconi\AppData\Local\Programs\MiKTeX\tex/generic/pgf/librari
es\pgflibraryarrows.code.tex
File: pgflibraryarrows.code.tex 2021/05/15 v3.1.9a (3.1.9a)
\arrowsize=\dimen274
))
(C:\Users\LP6FLanfranconi\AppData\Local\Programs\MiKTeX\tex/generic/pgf/librari
es\pgflibraryarrows.meta.code.tex
File: pgflibraryarrows.meta.code.tex 2021/05/15 v3.1.9a (3.1.9a)
\pgfarrowinset=\dimen275
\pgfarrowlength=\dimen276
\pgfarrowwidth=\dimen277
\pgfarrowlinewidth=\dimen278
)
(C:\Users\LP6FLanfranconi\AppData\Local\Programs\MiKTeX\tex/generic/pgf/fronten
dlayer/tikz/libraries\tikzlibrarybackgrounds.code.tex
File: tikzlibrarybackgrounds.code.tex 2021/05/15 v3.1.9a (3.1.9a)
\pgf@layerbox@background=\box65
\pgf@layerboxsaved@background=\box66
)
(C:\Users\LP6FLanfranconi\AppData\Local\Programs\MiKTeX\tex/generic/pgf/fronten
dlayer/tikz/libraries\tikzlibrarycalc.code.tex
File: tikzlibrarycalc.code.tex 2021/05/15 v3.1.9a (3.1.9a)
)
(C:\Users\LP6FLanfranconi\AppData\Local\Programs\MiKTeX\tex/generic/pgf/fronten
dlayer/tikz/libraries\tikzlibrarydecorations.markings.code.tex
(C:\Users\LP6FLanfranconi\AppData\Local\Programs\MiKTeX\tex/generic/pgf/librari
es/decorations\pgflibrarydecorations.markings.code.tex))
(C:\Users\LP6FLanfranconi\AppData\Local\Programs\MiKTeX\tex/generic/pgf/fronten
dlayer/tikz/libraries\tikzlibrarydecorations.shapes.code.tex
(C:\Users\LP6FLanfranconi\AppData\Local\Programs\MiKTeX\tex/generic/pgf/librari
es/decorations\pgflibrarydecorations.shapes.code.tex))
(C:\Users\LP6FLanfranconi\AppData\Local\Programs\MiKTeX\tex/generic/pgf/fronten
dlayer/tikz/libraries\tikzlibrarydecorations.text.code.tex
(C:\Users\LP6FLanfranconi\AppData\Local\Programs\MiKTeX\tex/generic/pgf/librari
es/decorations\pgflibrarydecorations.text.code.tex
\pgf@lib@dec@text@box=\box67
)
\tikz@lib@dec@te@box=\box68
)
(C:\Users\LP6FLanfranconi\AppData\Local\Programs\MiKTeX\tex/generic/pgf/fronten
dlayer/tikz/libraries\tikzlibraryintersections.code.tex
(C:\Users\LP6FLanfranconi\AppData\Local\Programs\MiKTeX\tex/generic/pgf/librari
es\pgflibraryintersections.code.tex
\pgf@intersect@solutions=\count295
))
(C:\Users\LP6FLanfranconi\AppData\Local\Programs\MiKTeX\tex/generic/pgf/fronten
dlayer/tikz/libraries\tikzlibrarymath.code.tex
(C:\Users\LP6FLanfranconi\AppData\Local\Programs\MiKTeX\tex/generic/pgf/fronten
dlayer/tikz/libraries\tikzlibraryfpu.code.tex)
\tikz@math@for@depth=\count296
\tikz@math@dimen=\dimen279
\tikz@math@toks=\toks37
)
(C:\Users\LP6FLanfranconi\AppData\Local\Programs\MiKTeX\tex/generic/pgf/fronten
dlayer/tikz/libraries\tikzlibrarypositioning.code.tex
File: tikzlibrarypositioning.code.tex 2021/05/15 v3.1.9a (3.1.9a)
)
(C:\Users\LP6FLanfranconi\AppData\Local\Programs\MiKTeX\tex/generic/pgf/fronten
dlayer/tikz/libraries\tikzlibraryquotes.code.tex
File: tikzlibraryquotes.code.tex 2021/05/15 v3.1.9a (3.1.9a)
)
(C:\Users\LP6FLanfranconi\AppData\Local\Programs\MiKTeX\tex/generic/pgf/fronten
dlayer/tikz/libraries\tikzlibraryshapes.misc.code.tex
File: tikzlibraryshapes.misc.code.tex 2021/05/15 v3.1.9a (3.1.9a)

(C:\Users\LP6FLanfranconi\AppData\Local\Programs\MiKTeX\tex/generic/pgf/librari
es/shapes\pgflibraryshapes.misc.code.tex
File: pgflibraryshapes.misc.code.tex 2021/05/15 v3.1.9a (3.1.9a)
))
(C:\Users\LP6FLanfranconi\AppData\Local\Programs\MiKTeX\tex/generic/pgf/fronten
dlayer/tikz/libraries\tikzlibrarythrough.code.tex
File: tikzlibrarythrough.code.tex 2021/05/15 v3.1.9a (3.1.9a)
)
(C:\Users\LP6FLanfranconi\AppData\Local\Programs\MiKTeX\tex/latex/l3packages/xf
p\xfp.sty
(C:\Users\LP6FLanfranconi\AppData\Local\Programs\MiKTeX\tex/latex/l3kernel\expl
3.sty
Package: expl3 2022-07-15 L3 programming layer (loader) 

(C:\Users\LP6FLanfranconi\AppData\Local\Programs\MiKTeX\tex/latex/l3backend\l3b
ackend-pdftex.def
File: l3backend-pdftex.def 2022-07-01 L3 backend support: PDF output (pdfTeX)
\l__color_backend_stack_int=\count297
\l__pdf_internal_box=\box69
))
Package: xfp 2022-06-22 L3 Floating point unit
)
(C:\Users\LP6FLanfranconi\AppData\Local\Programs\MiKTeX\tex/latex/xpatch\xpatch
.sty
Package: xpatch 2020/03/25 v0.3a Extending etoolbox patching commands

(C:\Users\LP6FLanfranconi\AppData\Local\Programs\MiKTeX\tex/latex/l3packages/xp
arse\xparse.sty
Package: xparse 2022-06-22 L3 Experimental document command parser
)
(C:\Users\LP6FLanfranconi\AppData\Local\Programs\MiKTeX\tex/latex/etoolbox\etoo
lbox.sty
Package: etoolbox 2020/10/05 v2.5k e-TeX tools for LaTeX (JAW)
\etb@tempcnta=\count298
))
\tkzRadius=\dimen280
\tkzLength=\dimen281
\tkz@radi=\dimen282
\tkz@ax=\dimen283
\tkz@ay=\dimen284
\tkz@bx=\dimen285
\tkz@by=\dimen286
\tkz@cx=\dimen287
\tkz@cy=\dimen288
\tkz@dx=\dimen289
\tkz@dy=\dimen290
\tkz@cntmk=\count299

Local configuration file tkz-euclide.cfg found and used

(C:\Users\LP6FLanfranconi\AppData\Local\Programs\MiKTeX\tex/latex/tkz-euclide\t
kz-euclide.cfg
2022/07/28 4.22c tkz-euclide.cfg
)
(C:\Users\LP6FLanfranconi\AppData\Local\Programs\MiKTeX\tex/latex/tkz-euclide\t
kz-tools-eu-base.tex
2022/07/28 4.22c tkz-tools-eu-base.tex
)
(C:\Users\LP6FLanfranconi\AppData\Local\Programs\MiKTeX\tex/latex/tkz-euclide\t
kz-tools-eu-utilities.tex
2022/07/28 4.22c tkz-tools-eu-utilities.tex
)
(C:\Users\LP6FLanfranconi\AppData\Local\Programs\MiKTeX\tex/latex/tkz-euclide\t
kz-tools-eu-BB.tex
2022/07/28 4.22c tkz-obj-eu-BB.tex
)
(C:\Users\LP6FLanfranconi\AppData\Local\Programs\MiKTeX\tex/latex/tkz-euclide\t
kz-obj-eu-grids.tex
2022/07/28 4.22c tkz-obj-eu-grids.tex
)
(C:\Users\LP6FLanfranconi\AppData\Local\Programs\MiKTeX\tex/latex/tkz-euclide\t
kz-lib-eu-marks.tex
2022/07/28 4.22c tkz-lib-eu-marks.tex
)
(C:\Users\LP6FLanfranconi\AppData\Local\Programs\MiKTeX\tex/latex/tkz-euclide\t
kz-tools-eu-text.tex
2022/07/28 4.22c tkz-tools-eu-text.tex
)
(C:\Users\LP6FLanfranconi\AppData\Local\Programs\MiKTeX\tex/latex/tkz-euclide\t
kz-lib-eu-shape.tex
2022/07/28 4.22c tkz-lib-eu-shape.tex
)
(C:\Users\LP6FLanfranconi\AppData\Local\Programs\MiKTeX\tex/latex/tkz-euclide\t
kz-obj-eu-axesmin.tex
2022/07/28 4.22c tkz-obj-eu-axesmin
)
(C:\Users\LP6FLanfranconi\AppData\Local\Programs\MiKTeX\tex/latex/tkz-euclide\t
kz-tools-eu-colors.tex
2022/07/28 4.22c tkz-tools-eu-colors
)
(C:\Users\LP6FLanfranconi\AppData\Local\Programs\MiKTeX\tex/latex/tkz-euclide\t
kz-obj-eu-points.tex
2022/07/28 4.22c tkz-obj-eu-points.tex
)
(C:\Users\LP6FLanfranconi\AppData\Local\Programs\MiKTeX\tex/latex/tkz-euclide\t
kz-obj-eu-draw-points.tex
2022/07/28 4.22c tkz-obj-eu-points.tex
)
(C:\Users\LP6FLanfranconi\AppData\Local\Programs\MiKTeX\tex/latex/tkz-euclide\t
kz-tools-eu-angles.tex
2022/07/28 4.22c tkz-tools-eu-angles.tex
)
(C:\Users\LP6FLanfranconi\AppData\Local\Programs\MiKTeX\tex/latex/tkz-euclide\t
kz-tools-eu-intersections.tex
2022/07/28 4.22c tkz-tools-eu-intersections.tex
)
(C:\Users\LP6FLanfranconi\AppData\Local\Programs\MiKTeX\tex/latex/tkz-euclide\t
kz-tools-eu-math.tex
2022/07/28 4.22c tkz-tools-eu-math.tex
)
(C:\Users\LP6FLanfranconi\AppData\Local\Programs\MiKTeX\tex/latex/tkz-euclide\t
kz-obj-eu-compass.tex
2022/07/28 4.22c tkz-obj-eu-compass.tex
)
(C:\Users\LP6FLanfranconi\AppData\Local\Programs\MiKTeX\tex/latex/tkz-euclide\t
kz-obj-eu-circles.tex
2022/07/28 4.22c tkz-obj-eu-circles.tex
)
(C:\Users\LP6FLanfranconi\AppData\Local\Programs\MiKTeX\tex/latex/tkz-euclide\t
kz-obj-eu-circles-by.tex
2022/07/28 4.22c tkz-obj-eu-circles.tex
)
(C:\Users\LP6FLanfranconi\AppData\Local\Programs\MiKTeX\tex/latex/tkz-euclide\t
kz-obj-eu-draw-angles.tex
2022/07/28 4.22c tkz-tool-eu-angles.tex
)
(C:\Users\LP6FLanfranconi\AppData\Local\Programs\MiKTeX\tex/latex/tkz-euclide\t
kz-obj-eu-draw-circles.tex
2022/07/28 4.22c tkz-obj-eu-draw-circles.tex
)
(C:\Users\LP6FLanfranconi\AppData\Local\Programs\MiKTeX\tex/latex/tkz-euclide\t
kz-obj-eu-draw-lines.tex
2022/07/28 4.22c tkz-obj-eu-draw-lines.tex
)
(C:\Users\LP6FLanfranconi\AppData\Local\Programs\MiKTeX\tex/latex/tkz-euclide\t
kz-obj-eu-draw-polygons.tex
2022/07/28 4.22c tkz-obj-eu-polygons.tex
)
(C:\Users\LP6FLanfranconi\AppData\Local\Programs\MiKTeX\tex/latex/tkz-euclide\t
kz-obj-eu-draw-triangles.tex
2022/07/28 4.22c tkz-obj-eu-draw-triangles.tex
)
(C:\Users\LP6FLanfranconi\AppData\Local\Programs\MiKTeX\tex/latex/tkz-euclide\t
kz-obj-eu-lines.tex
2022/07/28 4.22c tkz-obj-eu-lines.tex
)
(C:\Users\LP6FLanfranconi\AppData\Local\Programs\MiKTeX\tex/latex/tkz-euclide\t
kz-obj-eu-points-by.tex
2022/07/28 4.22c tkz-tools-eu-points-by.tex
)
(C:\Users\LP6FLanfranconi\AppData\Local\Programs\MiKTeX\tex/latex/tkz-euclide\t
kz-obj-eu-points-rnd.tex
2022/07/28 4.22c tkz-obj-eu-points-rnd.tex
)
(C:\Users\LP6FLanfranconi\AppData\Local\Programs\MiKTeX\tex/latex/tkz-euclide\t
kz-obj-eu-points-spc.tex
2022/07/28 4.22c tkz-obj-eu-points.tex
)
(C:\Users\LP6FLanfranconi\AppData\Local\Programs\MiKTeX\tex/latex/tkz-euclide\t
kz-obj-eu-points-with.tex
2022/07/28 4.22c tkz-obj-eu-points-with.tex
)
(C:\Users\LP6FLanfranconi\AppData\Local\Programs\MiKTeX\tex/latex/tkz-euclide\t
kz-obj-eu-polygons.tex
2022/07/28 4.22c tkz-obj-eu-polygons.tex
)
(C:\Users\LP6FLanfranconi\AppData\Local\Programs\MiKTeX\tex/latex/tkz-euclide\t
kz-obj-eu-protractor.tex
2022/07/28 4.22c tkz-obj-eu-protractor.tex
)
(C:\Users\LP6FLanfranconi\AppData\Local\Programs\MiKTeX\tex/latex/tkz-euclide\t
kz-obj-eu-sectors.tex
2022/07/28 4.22c tkz-obj-eu-sectors.tex
)
(C:\Users\LP6FLanfranconi\AppData\Local\Programs\MiKTeX\tex/latex/tkz-euclide\t
kz-obj-eu-show.tex
2022/07/28 4.22c tkz-obj-eu-show.tex
)
(C:\Users\LP6FLanfranconi\AppData\Local\Programs\MiKTeX\tex/latex/tkz-euclide\t
kz-obj-eu-triangles.tex
2022/07/28 4.22c tkz-obj-eu-triangles.tex
))
(C:\Users\LP6FLanfranconi\AppData\Local\Programs\MiKTeX\tex/latex/amscls\amsthm
.sty
Package: amsthm 2020/05/29 v2.20.6
\thm@style=\toks38
\thm@bodyfont=\toks39
\thm@headfont=\toks40
\thm@notefont=\toks41
\thm@headpunct=\toks42
\thm@preskip=\skip52
\thm@postskip=\skip53
\thm@headsep=\skip54
\dth@everypar=\toks43
)
(C:\Users\LP6FLanfranconi\AppData\Local\Programs\MiKTeX\tex/latex/amsfonts\amsf
onts.sty
Package: amsfonts 2013/01/14 v3.01 Basic AMSFonts support
\@emptytoks=\toks44
\symAMSa=\mathgroup4
\symAMSb=\mathgroup5
LaTeX Font Info:    Redeclaring math symbol \hbar on input line 98.
LaTeX Font Info:    Overwriting math alphabet `\mathfrak' in version `bold'
(Font)                  U/euf/m/n --> U/euf/b/n on input line 106.
)
(C:\Users\LP6FLanfranconi\AppData\Local\Programs\MiKTeX\tex/latex/eurosym\euros
ym.sty
Package: eurosym 1998/08/06 v1.1 European currency symbol ``Euro''
\@eurobox=\box70
)
(C:\Users\LP6FLanfranconi\AppData\Local\Programs\MiKTeX\tex/latex/tcolorbox\tco
lorbox.sty
Package: tcolorbox 2022/06/24 version 5.1.1 text color boxes

(C:\Users\LP6FLanfranconi\AppData\Local\Programs\MiKTeX\tex/latex/tools\verbati
m.sty
Package: verbatim 2020-07-07 v1.5u LaTeX2e package for verbatim enhancements
\every@verbatim=\toks45
\verbatim@line=\toks46
\verbatim@in@stream=\read3
)
(C:\Users\LP6FLanfranconi\AppData\Local\Programs\MiKTeX\tex/latex/environ\envir
on.sty
Package: environ 2014/05/04 v0.3 A new way to define environments

(C:\Users\LP6FLanfranconi\AppData\Local\Programs\MiKTeX\tex/latex/trimspaces\tr
imspaces.sty
Package: trimspaces 2009/09/17 v1.1 Trim spaces around a token list
)
\@envbody=\toks47
)
\tcb@titlebox=\box71
\tcb@upperbox=\box72
\tcb@lowerbox=\box73
\tcb@phantombox=\box74
\c@tcbbreakpart=\count300
\c@tcblayer=\count301
\c@tcolorbox@number=\count302
\tcb@temp=\box75
\tcb@temp=\box76
\tcb@temp=\box77
\tcb@temp=\box78
)
(C:\Users\LP6FLanfranconi\AppData\Local\Programs\MiKTeX\tex/latex/tcolorbox\tcb
theorems.code.tex
Library (tcolorbox): 'tcbtheorems.code.tex' version '5.1.1'

(C:\Users\LP6FLanfranconi\AppData\Local\Programs\MiKTeX\tex/latex/amsmath\amsma
th.sty
Package: amsmath 2022/04/08 v2.17n AMS math features
\@mathmargin=\skip55

For additional information on amsmath, use the `?' option.

(C:\Users\LP6FLanfranconi\AppData\Local\Programs\MiKTeX\tex/latex/amsmath\amste
xt.sty
Package: amstext 2021/08/26 v2.01 AMS text

(C:\Users\LP6FLanfranconi\AppData\Local\Programs\MiKTeX\tex/latex/amsmath\amsge
n.sty
File: amsgen.sty 1999/11/30 v2.0 generic functions
\@emptytoks=\toks48
\ex@=\dimen291
))
(C:\Users\LP6FLanfranconi\AppData\Local\Programs\MiKTeX\tex/latex/amsmath\amsbs
y.sty
Package: amsbsy 1999/11/29 v1.2d Bold Symbols
\pmbraise@=\dimen292
)
(C:\Users\LP6FLanfranconi\AppData\Local\Programs\MiKTeX\tex/latex/amsmath\amsop
n.sty
Package: amsopn 2022/04/08 v2.04 operator names
)
\inf@bad=\count303
LaTeX Info: Redefining \frac on input line 234.
\uproot@=\count304
\leftroot@=\count305
LaTeX Info: Redefining \overline on input line 399.
LaTeX Info: Redefining \colon on input line 410.
\classnum@=\count306
\DOTSCASE@=\count307
LaTeX Info: Redefining \ldots on input line 496.
LaTeX Info: Redefining \dots on input line 499.
LaTeX Info: Redefining \cdots on input line 620.
\Mathstrutbox@=\box79
\strutbox@=\box80
LaTeX Info: Redefining \big on input line 722.
LaTeX Info: Redefining \Big on input line 723.
LaTeX Info: Redefining \bigg on input line 724.
LaTeX Info: Redefining \Bigg on input line 725.
\big@size=\dimen293
LaTeX Font Info:    Redeclaring font encoding OML on input line 743.
LaTeX Font Info:    Redeclaring font encoding OMS on input line 744.
\macc@depth=\count308
LaTeX Info: Redefining \bmod on input line 905.
LaTeX Info: Redefining \pmod on input line 910.
LaTeX Info: Redefining \smash on input line 940.
LaTeX Info: Redefining \relbar on input line 970.
LaTeX Info: Redefining \Relbar on input line 971.
\c@MaxMatrixCols=\count309
\dotsspace@=\muskip16
\c@parentequation=\count310
\dspbrk@lvl=\count311
\tag@help=\toks49
\row@=\count312
\column@=\count313
\maxfields@=\count314
\andhelp@=\toks50
\eqnshift@=\dimen294
\alignsep@=\dimen295
\tagshift@=\dimen296
\tagwidth@=\dimen297
\totwidth@=\dimen298
\lineht@=\dimen299
\@envbody=\toks51
\multlinegap=\skip56
\multlinetaggap=\skip57
\mathdisplay@stack=\toks52
LaTeX Info: Redefining \[ on input line 2953.
LaTeX Info: Redefining \] on input line 2954.
))
(C:\Users\LP6FLanfranconi\AppData\Local\Programs\MiKTeX\tex/latex/tcolorbox\tcb
skins.code.tex
Library (tcolorbox): 'tcbskins.code.tex' version '5.1.1'
\tcb@waterbox=\box81

(C:\Users\LP6FLanfranconi\AppData\Local\Programs\MiKTeX\tex/latex/tcolorbox\tcb
skinsjigsaw.code.tex
Library (tcolorbox): 'tcbskinsjigsaw.code.tex' version '5.1.1'
))
(C:\Users\LP6FLanfranconi\AppData\Local\Programs\MiKTeX\tex/latex/fancyhdr\fanc
yhdr.sty
Package: fancyhdr 2022/05/18 v4.0.3 Extensive control of page headers and foote
rs
\f@nch@headwidth=\skip58
\f@nch@O@elh=\skip59
\f@nch@O@erh=\skip60
\f@nch@O@olh=\skip61
\f@nch@O@orh=\skip62
\f@nch@O@elf=\skip63
\f@nch@O@erf=\skip64
\f@nch@O@olf=\skip65
\f@nch@O@orf=\skip66
)
(C:\Users\LP6FLanfranconi\AppData\Local\Programs\MiKTeX\tex/generic/german\nger
man.sty v2.5e 1998-07-08
Package: ngerman 1998/07/08 v2.5e Support for writing german texts (br)
\grmnU@D=\dimen300
ngerman -- \language number for naustrian undefined, default 48 used.
)
(C:\Users\LP6FLanfranconi\AppData\Local\Programs\MiKTeX\tex/latex/base\inputenc
.sty
Package: inputenc 2021/02/14 v1.3d Input encoding file
\inpenc@prehook=\toks53
\inpenc@posthook=\toks54
)
(C:\Users\LP6FLanfranconi\AppData\Local\Programs\MiKTeX\tex/latex/supertabular\
supertabular.sty
Package: supertabular 2020/02/02 v4.1g the supertabular environment
\c@tracingst=\count315
\ST@wd=\dimen301
\ST@rightskip=\skip67
\ST@leftskip=\skip68
\ST@parfillskip=\skip69
\ST@pageleft=\dimen302
\ST@headht=\dimen303
\ST@tailht=\dimen304
\ST@pagesofar=\dimen305
\ST@pboxht=\dimen306
\ST@lineht=\dimen307
\ST@prevht=\dimen308
\ST@toadd=\dimen309
\ST@dimen=\dimen310
\ST@pbox=\box82
)
(C:\Users\LP6FLanfranconi\AppData\Local\Programs\MiKTeX\tex/latex/base\makeidx.
sty
Package: makeidx 2021/10/04 v1.0m Standard LaTeX package
)
(C:\Users\LP6FLanfranconi\AppData\Local\Programs\MiKTeX\tex/latex/base\ifthen.s
ty
Package: ifthen 2022/04/13 v1.1d Standard LaTeX ifthen package (DPC)
)
(C:\Users\LP6FLanfranconi\AppData\Local\Programs\MiKTeX\tex/latex/multirow\mult
irow.sty
Package: multirow 2021/03/15 v2.8 Span multiple rows of a table
\multirow@colwidth=\skip70
\multirow@cntb=\count316
\multirow@dima=\skip71
\bigstrutjot=\dimen311
)
(C:\Users\LP6FLanfranconi\AppData\Local\Programs\MiKTeX\tex/latex/listings\list
ings.sty
\lst@mode=\count317
\lst@gtempboxa=\box83
\lst@token=\toks55
\lst@length=\count318
\lst@currlwidth=\dimen312
\lst@column=\count319
\lst@pos=\count320
\lst@lostspace=\dimen313
\lst@width=\dimen314
\lst@newlines=\count321
\lst@lineno=\count322
\lst@maxwidth=\dimen315

(C:\Users\LP6FLanfranconi\AppData\Local\Programs\MiKTeX\tex/latex/listings\lstm
isc.sty
File: lstmisc.sty 2020/03/24 1.8d (Carsten Heinz)
\c@lstnumber=\count323
\lst@skipnumbers=\count324
\lst@framebox=\box84
)
(C:\Users\LP6FLanfranconi\AppData\Local\Programs\MiKTeX\tex/latex/listings\list
ings.cfg
File: listings.cfg 2020/03/24 1.8d listings configuration
))
Package: listings 2020/03/24 1.8d (Carsten Heinz)

(C:\Users\LP6FLanfranconi\AppData\Local\Programs\MiKTeX\tex/latex/makecell\make
cell.sty
Package: makecell 2009/08/03 V0.1e Managing of Tab Column Heads and Cells
\rotheadsize=\dimen316
\c@nlinenum=\count325
\TeXr@lab=\toks56
)
(C:\Users\LP6FLanfranconi\AppData\Local\Programs\MiKTeX\tex/latex/tools\multico
l.sty
Package: multicol 2021/10/28 v1.9b multicolumn formatting (FMi)
\c@tracingmulticols=\count326
\mult@box=\box85
\multicol@leftmargin=\dimen317
\c@unbalance=\count327
\c@collectmore=\count328
\doublecol@number=\count329
\multicoltolerance=\count330
\multicolpretolerance=\count331
\full@width=\dimen318
\page@free=\dimen319
\premulticols=\dimen320
\postmulticols=\dimen321
\multicolsep=\skip72
\multicolbaselineskip=\skip73
\partial@page=\box86
\last@line=\box87
\maxbalancingoverflow=\dimen322
\mult@rightbox=\box88
\mult@grightbox=\box89
\mult@firstbox=\box90
\mult@gfirstbox=\box91
\@tempa=\box92
\@tempa=\box93
\@tempa=\box94
\@tempa=\box95
\@tempa=\box96
\@tempa=\box97
\@tempa=\box98
\@tempa=\box99
\@tempa=\box100
\@tempa=\box101
\@tempa=\box102
\@tempa=\box103
\@tempa=\box104
\@tempa=\box105
\@tempa=\box106
\@tempa=\box107
\@tempa=\box108
\@tempa=\box109
\@tempa=\box110
\@tempa=\box111
\@tempa=\box112
\@tempa=\box113
\@tempa=\box114
\@tempa=\box115
\@tempa=\box116
\@tempa=\box117
\@tempa=\box118
\@tempa=\box119
\@tempa=\box120
\@tempa=\box121
\@tempa=\box122
\@tempa=\box123
\@tempa=\box124
\@tempa=\box125
\@tempa=\box126
\@tempa=\box127
\c@minrows=\count332
\c@columnbadness=\count333
\c@finalcolumnbadness=\count334
\last@try=\dimen323
\multicolovershoot=\dimen324
\multicolundershoot=\dimen325
\mult@nat@firstbox=\box128
\colbreak@box=\box129
\mc@col@check@num=\count335
)
(C:\Users\LP6FLanfranconi\AppData\Local\Programs\MiKTeX\tex/latex/lastpage\last
page.sty
Package: lastpage 2021/09/03 v1.2n Refers to last page's name (HMM; JPG)
)
(C:\Users\LP6FLanfranconi\AppData\Local\Programs\MiKTeX\tex/latex/pstricks\pstr
icks.sty
Package: pstricks 2021/08/23 v0.71 LaTeX wrapper for `PSTricks' (RN,HV)

(C:\Users\LP6FLanfranconi\AppData\Local\Programs\MiKTeX\tex/generic/xkeyval\pst
-xkey.tex
File: pst-xkey.tex 2005/11/25 v1.6 PSTricks specialization of xkeyval (HA)

(C:\Users\LP6FLanfranconi\AppData\Local\Programs\MiKTeX\tex/latex/xkeyval\xkeyv
al.sty
Package: xkeyval 2022/06/16 v2.9 package option processing (HA)

(C:\Users\LP6FLanfranconi\AppData\Local\Programs\MiKTeX\tex/generic/xkeyval\xke
yval.tex
(C:\Users\LP6FLanfranconi\AppData\Local\Programs\MiKTeX\tex/generic/xkeyval\xkv
utils.tex
\XKV@toks=\toks57
\XKV@tempa@toks=\toks58
)
\XKV@depth=\count336
File: xkeyval.tex 2014/12/03 v2.7a key=value parser (HA)
)))
(C:\Users\LP6FLanfranconi\AppData\Local\Programs\MiKTeX\tex/generic/pstricks\ps
tricks.tex
(C:\Users\LP6FLanfranconi\AppData\Local\Programs\MiKTeX\tex/generic/pstricks\ps
t-fp.tex `pst-fp' v0.06, 2020/11/20 (hv)
\pstFP@xs=\count337
\pstFP@xia=\count338
\pstFP@xib=\count339
\pstFP@xfa=\count340
\pstFP@xfb=\count341
\pstFP@rega=\count342
\pstFP@regb=\count343
\pstFP@regs=\count344
\pstFP@times=\count345
)
\psLoopIndex=\count346

`PSTricks' v3.13  <2022/01/09> (tvz,hv)
\pst@dima=\dimen326
\pst@dimb=\dimen327
\pst@dimc=\dimen328
\pst@dimd=\dimen329
\pst@dimg=\dimen330
\pst@dimh=\dimen331
\pst@dimm=\dimen332
\pst@dimn=\dimen333
\pst@dimo=\dimen334
\pst@dimp=\dimen335
\pst@hbox=\box130
\pst@ibox=\box131
\pst@boxg=\box132
\pst@cnta=\count347
\pst@cntb=\count348
\pst@cntc=\count349
\pst@cntd=\count350
\pst@cntg=\count351
\pst@cnth=\count352
\pst@cntm=\count353
\pst@cntn=\count354
\pst@cnto=\count355
\pst@cntp=\count356
\@zero=\count357
\pst@toks=\toks59
--- We are running latex or xelatex ---

(C:\Users\LP6FLanfranconi\AppData\Local\Programs\MiKTeX\tex/generic/pstricks\ps
tricks.con)
(C:\Users\LP6FLanfranconi\AppData\Local\Programs\MiKTeX\tex/generic/pstricks\ps
tricks-color.tex)
\psunit=\dimen336
\psxunit=\dimen337
\psyunit=\dimen338
\pst@C@@rType=\count358
\pslinewidth=\dimen339
\psk@startLW=\dimen340
\psk@endLW=\dimen341

(C:\Users\LP6FLanfranconi\AppData\Local\Programs\MiKTeX\tex/generic/pstricks\ps
tricks-arrows.tex
\pshooklength=\dimen342
\pshookwidth=\dimen343
)
\pst@customdefs=\toks60

(C:\Users\LP6FLanfranconi\AppData\Local\Programs\MiKTeX\tex/generic/pstricks\ps
tricks-dots.tex)
\pslinearc=\dimen344
\pst@symbolStep=\dimen345
\pst@symbolWidth=\dimen346
\pst@symbolLinewidth=\dimen347
\everypsbox=\toks61
\psframesep=\dimen348
\pslabelsep=\dimen349
\sh@wgridXunit=\dimen350
\sh@wgridYunit=\dimen351
\pst@shift=\dimen352
\ps@imagectr=\count359

(C:\Users\LP6FLanfranconi\AppData\Local\Programs\MiKTeX\tex/generic/pstricks\ps
tricks.con))
File: pstricks.tex 2022/01/09 v3.13 `PSTricks' (tvz,hv)

(C:\Users\LP6FLanfranconi\AppData\Local\Programs\MiKTeX\tex/generic/pstricks\ps
t-fp.tex `pst-fp' v0.06, 2020/11/20 (hv))
File: pst-fp.tex 2020/11/20 v0.06 `PST-fp' (hv)
)
(C:\Users\LP6FLanfranconi\AppData\Local\Programs\MiKTeX\tex/latex/base\fontenc.
sty
Package: fontenc 2021/04/29 v2.0v Standard LaTeX package
)
(C:\Users\LP6FLanfranconi\AppData\Local\Programs\MiKTeX\tex/latex/lm\lmodern.st
y
Package: lmodern 2015/05/01 v1.6.1 Latin Modern Fonts
LaTeX Font Info:    Overwriting symbol font `operators' in version `normal'
(Font)                  OT1/cmr/m/n --> OT1/lmr/m/n on input line 22.
LaTeX Font Info:    Overwriting symbol font `letters' in version `normal'
(Font)                  OML/cmm/m/it --> OML/lmm/m/it on input line 23.
LaTeX Font Info:    Overwriting symbol font `symbols' in version `normal'
(Font)                  OMS/cmsy/m/n --> OMS/lmsy/m/n on input line 24.
LaTeX Font Info:    Overwriting symbol font `largesymbols' in version `normal'
(Font)                  OMX/cmex/m/n --> OMX/lmex/m/n on input line 25.
LaTeX Font Info:    Overwriting symbol font `operators' in version `bold'
(Font)                  OT1/cmr/bx/n --> OT1/lmr/bx/n on input line 26.
LaTeX Font Info:    Overwriting symbol font `letters' in version `bold'
(Font)                  OML/cmm/b/it --> OML/lmm/b/it on input line 27.
LaTeX Font Info:    Overwriting symbol font `symbols' in version `bold'
(Font)                  OMS/cmsy/b/n --> OMS/lmsy/b/n on input line 28.
LaTeX Font Info:    Overwriting symbol font `largesymbols' in version `bold'
(Font)                  OMX/cmex/m/n --> OMX/lmex/m/n on input line 29.
LaTeX Font Info:    Overwriting math alphabet `\mathbf' in version `normal'
(Font)                  OT1/cmr/bx/n --> OT1/lmr/bx/n on input line 31.
LaTeX Font Info:    Overwriting math alphabet `\mathsf' in version `normal'
(Font)                  OT1/cmss/m/n --> OT1/lmss/m/n on input line 32.
LaTeX Font Info:    Overwriting math alphabet `\mathit' in version `normal'
(Font)                  OT1/cmr/m/it --> OT1/lmr/m/it on input line 33.
LaTeX Font Info:    Overwriting math alphabet `\mathtt' in version `normal'
(Font)                  OT1/cmtt/m/n --> OT1/lmtt/m/n on input line 34.
LaTeX Font Info:    Overwriting math alphabet `\mathbf' in version `bold'
(Font)                  OT1/cmr/bx/n --> OT1/lmr/bx/n on input line 35.
LaTeX Font Info:    Overwriting math alphabet `\mathsf' in version `bold'
(Font)                  OT1/cmss/bx/n --> OT1/lmss/bx/n on input line 36.
LaTeX Font Info:    Overwriting math alphabet `\mathit' in version `bold'
(Font)                  OT1/cmr/bx/it --> OT1/lmr/bx/it on input line 37.
LaTeX Font Info:    Overwriting math alphabet `\mathtt' in version `bold'
(Font)                  OT1/cmtt/m/n --> OT1/lmtt/m/n on input line 38.
)
(C:\Users\LP6FLanfranconi\AppData\Local\Programs\MiKTeX\tex/latex/enumitem\enum
item.sty
Package: enumitem 2019/06/20 v3.9 Customized lists
\labelindent=\skip74
\enit@outerparindent=\dimen353
\enit@toks=\toks62
\enit@inbox=\box133
\enit@count@id=\count360
\enitdp@description=\count361
)
(C:\Users\LP6FLanfranconi\AppData\Local\Programs\MiKTeX\tex/latex/float\float.s
ty
Package: float 2001/11/08 v1.3d Float enhancements (AL)
\c@float@type=\count362
\float@exts=\toks63
\float@box=\box134
\@float@everytoks=\toks64
\@floatcapt=\box135
)
(C:\Users\LP6FLanfranconi\AppData\Local\Programs\MiKTeX\tex/latex/titlesec\titl
esec.sty
Package: titlesec 2021/07/05 v2.14 Sectioning titles
\ttl@box=\box136
\beforetitleunit=\skip75
\aftertitleunit=\skip76
\ttl@plus=\dimen354
\ttl@minus=\dimen355
\ttl@toksa=\toks65
\titlewidth=\dimen356
\titlewidthlast=\dimen357
\titlewidthfirst=\dimen358
)
(C:\Users\LP6FLanfranconi\AppData\Local\Programs\MiKTeX\tex/latex/base\textcomp
.sty
Package: textcomp 2020/02/02 v2.0n Standard LaTeX package
)
(C:\Users\LP6FLanfranconi\AppData\Local\Programs\MiKTeX\tex/latex/framed\framed
.sty
Package: framed 2011/10/22 v 0.96: framed or shaded text with page breaks
\OuterFrameSep=\skip77
\fb@frw=\dimen359
\fb@frh=\dimen360
\FrameRule=\dimen361
\FrameSep=\dimen362
)
(C:\Users\LP6FLanfranconi\AppData\Local\Programs\MiKTeX\tex/latex/mdframed\mdfr
amed.sty
Package: mdframed 2013/07/01 1.9b: mdframed

(C:\Users\LP6FLanfranconi\AppData\Local\Programs\MiKTeX\tex/latex/kvoptions\kvo
ptions.sty
Package: kvoptions 2022-06-15 v3.15 Key value format for package options (HO)

(C:\Users\LP6FLanfranconi\AppData\Local\Programs\MiKTeX\tex/generic/ltxcmds\ltx
cmds.sty
Package: ltxcmds 2020-05-10 v1.25 LaTeX kernel commands for general use (HO)
)
(C:\Users\LP6FLanfranconi\AppData\Local\Programs\MiKTeX\tex/generic/kvsetkeys\k
vsetkeys.sty
Package: kvsetkeys 2019/12/15 v1.18 Key value parser (HO)
))
(C:\Users\LP6FLanfranconi\AppData\Local\Programs\MiKTeX\tex/latex/zref\zref-abs
page.sty
Package: zref-abspage 2022-04-07 v2.34 Module abspage for zref (HO)

(C:\Users\LP6FLanfranconi\AppData\Local\Programs\MiKTeX\tex/latex/zref\zref-bas
e.sty
Package: zref-base 2022-04-07 v2.34 Module base for zref (HO)

(C:\Users\LP6FLanfranconi\AppData\Local\Programs\MiKTeX\tex/generic/infwarerr\i
nfwarerr.sty
Package: infwarerr 2019/12/03 v1.5 Providing info/warning/error messages (HO)
)
(C:\Users\LP6FLanfranconi\AppData\Local\Programs\MiKTeX\tex/generic/kvdefinekey
s\kvdefinekeys.sty
Package: kvdefinekeys 2019-12-19 v1.6 Define keys (HO)
)
(C:\Users\LP6FLanfranconi\AppData\Local\Programs\MiKTeX\tex/generic/pdftexcmds\
pdftexcmds.sty
Package: pdftexcmds 2020-06-27 v0.33 Utility functions of pdfTeX for LuaTeX (HO
)
Package pdftexcmds Info: \pdf@primitive is available.
Package pdftexcmds Info: \pdf@ifprimitive is available.
Package pdftexcmds Info: \pdfdraftmode found.
)
(C:\Users\LP6FLanfranconi\AppData\Local\Programs\MiKTeX\tex/generic/etexcmds\et
excmds.sty
Package: etexcmds 2019/12/15 v1.7 Avoid name clashes with e-TeX commands (HO)
)
(C:\Users\LP6FLanfranconi\AppData\Local\Programs\MiKTeX\tex/latex/auxhook\auxho
ok.sty
Package: auxhook 2019-12-17 v1.6 Hooks for auxiliary files (HO)
)
Package zref Info: New property list: main on input line 767.
Package zref Info: New property: default on input line 768.
Package zref Info: New property: page on input line 769.
)
(C:\Users\LP6FLanfranconi\AppData\Local\Programs\MiKTeX\tex/latex/base\atbegshi
-ltx.sty
Package: atbegshi-ltx 2021/01/10 v1.0c Emulation of the original atbegshi
package with kernel methods
)
\c@abspage=\count363
Package zref Info: New property: abspage on input line 65.
)
(C:\Users\LP6FLanfranconi\AppData\Local\Programs\MiKTeX\tex/latex/needspace\nee
dspace.sty
Package: needspace 2010/09/12 v1.3d reserve vertical space
)
\mdf@templength=\skip78
\c@mdf@globalstyle@cnt=\count364
\mdf@skipabove@length=\skip79
\mdf@skipbelow@length=\skip80
\mdf@leftmargin@length=\skip81
\mdf@rightmargin@length=\skip82
\mdf@innerleftmargin@length=\skip83
\mdf@innerrightmargin@length=\skip84
\mdf@innertopmargin@length=\skip85
\mdf@innerbottommargin@length=\skip86
\mdf@splittopskip@length=\skip87
\mdf@splitbottomskip@length=\skip88
\mdf@outermargin@length=\skip89
\mdf@innermargin@length=\skip90
\mdf@linewidth@length=\skip91
\mdf@innerlinewidth@length=\skip92
\mdf@middlelinewidth@length=\skip93
\mdf@outerlinewidth@length=\skip94
\mdf@roundcorner@length=\skip95
\mdf@footenotedistance@length=\skip96
\mdf@userdefinedwidth@length=\skip97
\mdf@needspace@length=\skip98
\mdf@frametitleaboveskip@length=\skip99
\mdf@frametitlebelowskip@length=\skip100
\mdf@frametitlerulewidth@length=\skip101
\mdf@frametitleleftmargin@length=\skip102
\mdf@frametitlerightmargin@length=\skip103
\mdf@shadowsize@length=\skip104
\mdf@extratopheight@length=\skip105
\mdf@subtitleabovelinewidth@length=\skip106
\mdf@subtitlebelowlinewidth@length=\skip107
\mdf@subtitleaboveskip@length=\skip108
\mdf@subtitlebelowskip@length=\skip109
\mdf@subtitleinneraboveskip@length=\skip110
\mdf@subtitleinnerbelowskip@length=\skip111
\mdf@subsubtitleabovelinewidth@length=\skip112
\mdf@subsubtitlebelowlinewidth@length=\skip113
\mdf@subsubtitleaboveskip@length=\skip114
\mdf@subsubtitlebelowskip@length=\skip115
\mdf@subsubtitleinneraboveskip@length=\skip116
\mdf@subsubtitleinnerbelowskip@length=\skip117

(C:\Users\LP6FLanfranconi\AppData\Local\Programs\MiKTeX\tex/latex/mdframed\md-f
rame-0.mdf
File: md-frame-0.mdf 2013/07/01\ 1.9b: md-frame-0
)
\mdf@frametitlebox=\box137
\mdf@footnotebox=\box138
\mdf@splitbox@one=\box139
\mdf@splitbox@two=\box140
\mdf@splitbox@save=\box141
\mdfsplitboxwidth=\skip118
\mdfsplitboxtotalwidth=\skip119
\mdfsplitboxheight=\skip120
\mdfsplitboxdepth=\skip121
\mdfsplitboxtotalheight=\skip122
\mdfframetitleboxwidth=\skip123
\mdfframetitleboxtotalwidth=\skip124
\mdfframetitleboxheight=\skip125
\mdfframetitleboxdepth=\skip126
\mdfframetitleboxtotalheight=\skip127
\mdffootnoteboxwidth=\skip128
\mdffootnoteboxtotalwidth=\skip129
\mdffootnoteboxheight=\skip130
\mdffootnoteboxdepth=\skip131
\mdffootnoteboxtotalheight=\skip132
\mdftotallinewidth=\skip133
\mdfboundingboxwidth=\skip134
\mdfboundingboxtotalwidth=\skip135
\mdfboundingboxheight=\skip136
\mdfboundingboxdepth=\skip137
\mdfboundingboxtotalheight=\skip138
\mdf@freevspace@length=\skip139
\mdf@horizontalwidthofbox@length=\skip140
\mdf@verticalmarginwhole@length=\skip141
\mdf@horizontalspaceofbox=\skip142
\mdfsubtitleheight=\skip143
\mdfsubsubtitleheight=\skip144
\c@mdfcountframes=\count365

****** mdframed patching \endmdf@trivlist

****** -- success******

\mdf@envdepth=\count366
\c@mdf@env@i=\count367
\c@mdf@env@ii=\count368
\c@mdf@zref@counter=\count369
Package zref Info: New property: mdf@pagevalue on input line 895.
)
(C:\Users\LP6FLanfranconi\AppData\Local\Programs\MiKTeX\tex/latex/koma-script\t
ocbasic.sty
Package: tocbasic 2022/07/04 v3.37 KOMA-Script package (handling toc-files)

(C:\Users\LP6FLanfranconi\AppData\Local\Programs\MiKTeX\tex/latex/koma-script\s
crbase.sty
Package: scrbase 2022/07/04 v3.37 KOMA-Script package (KOMA-Script-independent 
basics and keyval usage)

(C:\Users\LP6FLanfranconi\AppData\Local\Programs\MiKTeX\tex/latex/koma-script\s
crlfile.sty
Package: scrlfile 2022/07/04 v3.37 KOMA-Script package (file load hooks)

(C:\Users\LP6FLanfranconi\AppData\Local\Programs\MiKTeX\tex/latex/koma-script\s
crlfile-hook.sty
Package: scrlfile-hook 2022/07/04 v3.37 KOMA-Script package (using LaTeX hooks)


(C:\Users\LP6FLanfranconi\AppData\Local\Programs\MiKTeX\tex/latex/koma-script\s
crlogo.sty
Package: scrlogo 2022/07/04 v3.37 KOMA-Script package (logo)
)))
Applying: [2021/05/01] Usage of raw or classic option list on input line 252.
Already applied: [0000/00/00] Usage of raw or classic option list on input line
 368.
)
\scr@dte@tocline@numberwidth=\skip145
\scr@dte@tocline@numbox=\box142
)
(C:\Users\LP6FLanfranconi\AppData\Local\Programs\MiKTeX\tex/latex/accents\accen
ts.sty
Package: accents 2006/05/12 v1.4 Math Accent Tools
\cc@skew=\dimen363
\cc@wd=\dimen364
\cc@code=\count370
\cc@group=\count371
\cc@skewchar=\count372
)
(C:\Users\LP6FLanfranconi\AppData\Local\Programs\MiKTeX\tex/latex/epsdice\epsdi
ce.sty
Package: epsdice 2007/02/15 by Thomas Heim (v. 2.1)

(C:\Users\LP6FLanfranconi\AppData\Local\Programs\MiKTeX\tex/latex/epsdice\epsdi
ce.cfg)
\c@eps@face=\count373
)
(C:\Users\LP6FLanfranconi\AppData\Local\Programs\MiKTeX\tex/generic/pgf/fronten
dlayer/tikz/libraries\tikzlibraryshapes.geometric.code.tex
File: tikzlibraryshapes.geometric.code.tex 2021/05/15 v3.1.9a (3.1.9a)

(C:\Users\LP6FLanfranconi\AppData\Local\Programs\MiKTeX\tex/generic/pgf/librari
es/shapes\pgflibraryshapes.geometric.code.tex
File: pgflibraryshapes.geometric.code.tex 2021/05/15 v3.1.9a (3.1.9a)
))
(C:\Users\LP6FLanfranconi\AppData\Local\Programs\MiKTeX\tex/latex/hyperref\hype
rref.sty
Package: hyperref 2022-06-20 v7.00s Hypertext links for LaTeX

(C:\Users\LP6FLanfranconi\AppData\Local\Programs\MiKTeX\tex/generic/pdfescape\p
dfescape.sty
Package: pdfescape 2019/12/09 v1.15 Implements pdfTeX's escape features (HO)
)
(C:\Users\LP6FLanfranconi\AppData\Local\Programs\MiKTeX\tex/latex/hycolor\hycol
or.sty
Package: hycolor 2020-01-27 v1.10 Color options for hyperref/bookmark (HO)
)
(C:\Users\LP6FLanfranconi\AppData\Local\Programs\MiKTeX\tex/latex/letltxmacro\l
etltxmacro.sty
Package: letltxmacro 2019/12/03 v1.6 Let assignment for LaTeX macros (HO)
)
(C:\Users\LP6FLanfranconi\AppData\Local\Programs\MiKTeX\tex/latex/hyperref\name
ref.sty
Package: nameref 2022-05-17 v2.50 Cross-referencing by name of section

(C:\Users\LP6FLanfranconi\AppData\Local\Programs\MiKTeX\tex/latex/refcount\refc
ount.sty
Package: refcount 2019/12/15 v3.6 Data extraction from label references (HO)
)
(C:\Users\LP6FLanfranconi\AppData\Local\Programs\MiKTeX\tex/generic/gettitlestr
ing\gettitlestring.sty
Package: gettitlestring 2019/12/15 v1.6 Cleanup title references (HO)
)
\c@section@level=\count374
)
\@linkdim=\dimen365
\Hy@linkcounter=\count375
\Hy@pagecounter=\count376

(C:\Users\LP6FLanfranconi\AppData\Local\Programs\MiKTeX\tex/latex/hyperref\pd1e
nc.def
File: pd1enc.def 2022-06-20 v7.00s Hyperref: PDFDocEncoding definition (HO)
Now handling font encoding PD1 ...
... no UTF-8 mapping file for font encoding PD1
)
(C:\Users\LP6FLanfranconi\AppData\Local\Programs\MiKTeX\tex/generic/intcalc\int
calc.sty
Package: intcalc 2019/12/15 v1.3 Expandable calculations with integers (HO)
)
\Hy@SavedSpaceFactor=\count377

(C:\Users\LP6FLanfranconi\AppData\Local\Programs\MiKTeX\tex/latex/hyperref\puen
c.def
File: puenc.def 2022-06-20 v7.00s Hyperref: PDF Unicode definition (HO)
Now handling font encoding PU ...
... no UTF-8 mapping file for font encoding PU
)
Package hyperref Info: Hyper figures OFF on input line 4162.
Package hyperref Info: Link nesting OFF on input line 4167.
Package hyperref Info: Hyper index ON on input line 4170.
Package hyperref Info: Plain pages OFF on input line 4177.
Package hyperref Info: Backreferencing OFF on input line 4182.
Package hyperref Info: Implicit mode ON; LaTeX internals redefined.
Package hyperref Info: Bookmarks ON on input line 4408.
\c@Hy@tempcnt=\count378

(C:\Users\LP6FLanfranconi\AppData\Local\Programs\MiKTeX\tex/latex/url\url.sty
\Urlmuskip=\muskip17
Package: url 2013/09/16  ver 3.4  Verb mode for urls, etc.
)
LaTeX Info: Redefining \url on input line 4746.
\XeTeXLinkMargin=\dimen366

(C:\Users\LP6FLanfranconi\AppData\Local\Programs\MiKTeX\tex/generic/bitset\bits
et.sty
Package: bitset 2019/12/09 v1.3 Handle bit-vector datatype (HO)

(C:\Users\LP6FLanfranconi\AppData\Local\Programs\MiKTeX\tex/generic/bigintcalc\
bigintcalc.sty
Package: bigintcalc 2019/12/15 v1.5 Expandable calculations on big integers (HO
)
))
\Fld@menulength=\count379
\Field@Width=\dimen367
\Fld@charsize=\dimen368
Package hyperref Info: Hyper figures OFF on input line 6024.
Package hyperref Info: Link nesting OFF on input line 6029.
Package hyperref Info: Hyper index ON on input line 6032.
Package hyperref Info: backreferencing OFF on input line 6039.
Package hyperref Info: Link coloring OFF on input line 6044.
Package hyperref Info: Link coloring with OCG OFF on input line 6049.
Package hyperref Info: PDF/A mode OFF on input line 6054.
\Hy@abspage=\count380
\c@Item=\count381
\c@Hfootnote=\count382
)
Package hyperref Info: Driver (autodetected): hpdftex.

(C:\Users\LP6FLanfranconi\AppData\Local\Programs\MiKTeX\tex/latex/hyperref\hpdf
tex.def
File: hpdftex.def 2022-06-20 v7.00s Hyperref driver for pdfTeX

(C:\Users\LP6FLanfranconi\AppData\Local\Programs\MiKTeX\tex/latex/base\atveryen
d-ltx.sty
Package: atveryend-ltx 2020/08/19 v1.0a Emulation of the original atveryend pac
kage
with kernel methods
)
\HyAnn@Count=\count383
\Fld@listcount=\count384
\c@bookmark@seq@number=\count385

(C:\Users\LP6FLanfranconi\AppData\Local\Programs\MiKTeX\tex/latex/rerunfilechec
k\rerunfilecheck.sty
Package: rerunfilecheck 2022-07-10 v1.10 Rerun checks for auxiliary files (HO)

(C:\Users\LP6FLanfranconi\AppData\Local\Programs\MiKTeX\tex/generic/uniquecount
er\uniquecounter.sty
Package: uniquecounter 2019/12/15 v1.4 Provide unlimited unique counter (HO)
)
Package uniquecounter Info: New unique counter `rerunfilecheck' on input line 2
85.
)
\Hy@SectionHShift=\skip146
)
Package hyperref Info: Option `colorlinks' set `true' on input line 91.


Package hyperref Warning: Option `bookmarks' has already been used,
(hyperref)                setting the option has no effect on input line 91.

) (inputs/bbwLayout.tex) (inputs/bbwMakros.tex (inputs/bbwColors.sty)
(inputs/mmPapierbreiteSty.sty)
\c@DFCounter=\count386
\c@tcb@cnt@rezept=\count387
\c@tcb@cnt@definition=\count388
\c@tcb@cnt@gesetz=\count389
\c@tcb@cnt@beispiel=\count390
\c@tcb@cnt@bemerkung=\count391
\c@bbwAufgabenNummerCounter=\count392
) (inputs/matheMakros.tex)) (inputs/bbw.sty
\@indexfile=\write4
\openout4 = `KST_Brüche.idx'.


Writing index file KST_Brüche.idx
) (FL_LayoutDocSty.sty (impressum.tex)))
LaTeX Font Info:    Trying to load font information for T1+lmr on input line 29
.

(C:\Users\LP6FLanfranconi\AppData\Local\Programs\MiKTeX\tex/latex/lm\t1lmr.fd
File: t1lmr.fd 2015/05/01 v1.6.1 Font defs for Latin Modern
)
(KST_Brüche.aux (linkverzeichnis.aux))
\openout1 = `KST_Brüche.aux'.

LaTeX Font Info:    Checking defaults for OML/cmm/m/it on input line 29.
LaTeX Font Info:    ... okay on input line 29.
LaTeX Font Info:    Checking defaults for OMS/cmsy/m/n on input line 29.
LaTeX Font Info:    ... okay on input line 29.
LaTeX Font Info:    Checking defaults for OT1/cmr/m/n on input line 29.
LaTeX Font Info:    ... okay on input line 29.
LaTeX Font Info:    Checking defaults for T1/cmr/m/n on input line 29.
LaTeX Font Info:    ... okay on input line 29.
LaTeX Font Info:    Checking defaults for TS1/cmr/m/n on input line 29.
LaTeX Font Info:    ... okay on input line 29.
LaTeX Font Info:    Checking defaults for OMX/cmex/m/n on input line 29.
LaTeX Font Info:    ... okay on input line 29.
LaTeX Font Info:    Checking defaults for U/cmr/m/n on input line 29.
LaTeX Font Info:    ... okay on input line 29.
LaTeX Font Info:    Checking defaults for PD1/pdf/m/n on input line 29.
LaTeX Font Info:    ... okay on input line 29.
LaTeX Font Info:    Checking defaults for PU/pdf/m/n on input line 29.
LaTeX Font Info:    ... okay on input line 29.

*geometry* driver: auto-detecting
*geometry* detected driver: pdftex
*geometry* verbose mode - [ preamble ] result:
* driver: pdftex
* paper: a4paper
* layout: <same size as paper>
* layoutoffset:(h,v)=(0.0pt,0.0pt)
* modes: twoside 
* h-part:(L,W,R)=(48.36967pt, 500.76852pt, 48.36967pt)
* v-part:(T,H,B)=(48.36967pt, 748.3075pt, 48.36967pt)
* \paperwidth=597.50787pt
* \paperheight=845.04684pt
* \textwidth=500.76852pt
* \textheight=694.24707pt
* \oddsidemargin=-23.90031pt
* \evensidemargin=-23.90031pt
* \topmargin=-56.9055pt
* \headheight=30.0pt
* \headsep=25.0pt
* \topskip=14.0pt
* \footskip=30.0pt
* \marginparwidth=48.0pt
* \marginparsep=10.0pt
* \columnsep=10.0pt
* \skip\footins=12.0pt plus 4.0pt minus 2.0pt
* \hoffset=0.0pt
* \voffset=0.0pt
* \mag=1000
* \@twocolumnfalse
* \@twosidetrue
* \@mparswitchtrue
* \@reversemarginfalse
* (1in=72.27pt=25.4mm, 1cm=28.453pt)


(C:\Users\LP6FLanfranconi\AppData\Local\Programs\MiKTeX\tex/context/base/mkii\s
upp-pdf.mkii
[Loading MPS to PDF converter (version 2006.09.02).]
\scratchcounter=\count393
\scratchdimen=\dimen369
\scratchbox=\box143
\nofMPsegments=\count394
\nofMParguments=\count395
\everyMPshowfont=\toks66
\MPscratchCnt=\count396
\MPscratchDim=\dimen370
\MPnumerator=\count397
\makeMPintoPDFobject=\count398
\everyMPtoPDFconversion=\toks67
)
(C:\Users\LP6FLanfranconi\AppData\Local\Programs\MiKTeX\tex/latex/epstopdf-pkg\
epstopdf-base.sty
Package: epstopdf-base 2020-01-24 v2.11 Base part for package epstopdf
Package epstopdf-base Info: Redefining graphics rule for `.eps' on input line 4
85.

(C:\Users\LP6FLanfranconi\AppData\Local\Programs\MiKTeX\tex/latex/00miktex\epst
opdf-sys.cfg
File: epstopdf-sys.cfg 2021/03/18 v2.0 Configuration of epstopdf for MiKTeX
))
Package pgfplots notification 'compat/show suggested version=true': you might b
enefit from \pgfplotsset{compat=1.18} (current compat level: 1.9).

\c@lstlisting=\count399
Package lastpage Info: Please have a look at the pageslts package at
(lastpage)             https://www.ctan.org/pkg/pageslts
(lastpage)             ! on input line 29.
Package hyperref Info: Link coloring ON on input line 29.
(KST_Brüche.out) (KST_Brüche.out
! I can't write on file `KST_Brüche.pdf'.
(Press Enter to retry, or Control-C to exit; default file extension is `.pdf')
Please type another file name for output
! Emergency stop.
\Hy@OutlineName ...utline goto name{#2}count#3{#4}
                                                  
l.1 ...\000u\000c\000h\000t\000e\000r\000m\000e}{}
                                                  % 1
*** (job aborted, file error in nonstop mode)

 
Here is how much of TeX's memory you used:
 46580 strings out of 478337
 1104812 string characters out of 2831947
 1602586 words of memory out of 3000000
 64109 multiletter control sequences out of 15000+600000
 473324 words of font info for 31 fonts, out of 8000000 for 9000
 1141 hyphenation exceptions out of 8191
 129i,1n,117p,1235b,609s stack positions out of 10000i,1000n,20000p,200000b,80000s
!  ==> Fatal error occurred, no output PDF file produced!
