\BOOKMARK [0][-]{part.1}{\376\377\000I\000\040\000A\000l\000g\000e\000b\000r\000a\000\040\000I}{}% 1
\BOOKMARK [1][-]{section.1}{\376\377\000Z\000a\000h\000l\000e\000n}{part.1}% 2
\BOOKMARK [2][-]{subsection.1.1}{\376\377\000D\000i\000e\000\040\000n\000a\000t\000\374\000r\000l\000i\000c\000h\000e\000n\000\040\000Z\000a\000h\000l\000e\000n\000\040\000\050\000N\000\051}{section.1}% 3
\BOOKMARK [2][-]{subsection.1.2}{\376\377\000G\000a\000n\000z\000e\000\040\000Z\000a\000h\000l\000e\000n\000\040\000\050\000Z\000\051}{section.1}% 4
\BOOKMARK [2][-]{subsection.1.3}{\376\377\000R\000a\000t\000i\000o\000n\000a\000l\000e\000\040\000Z\000a\000h\000l\000e\000n\000\040\000\050\000Q\000\051}{section.1}% 5
\BOOKMARK [2][-]{subsection.1.4}{\376\377\000R\000u\000n\000d\000e\000n}{section.1}% 6
\BOOKMARK [2][-]{subsection.1.5}{\376\377\000I\000r\000r\000a\000t\000i\000o\000n\000a\000l\000e\000\040\000u\000n\000d\000\040\000r\000e\000e\000l\000l\000e\000\040\000Z\000a\000h\000l\000e\000n\000\040\000\050\000R\000\051}{section.1}% 7
\BOOKMARK [2][-]{subsection.1.6}{\376\377\000O\000r\000d\000n\000u\000n\000g\000s\000r\000e\000l\000a\000t\000i\000o\000n\000e\000n}{section.1}% 8
\BOOKMARK [2][-]{subsection.1.7}{\376\377\000B\000e\000t\000r\000a\000g}{section.1}% 9
\BOOKMARK [1][-]{section.2}{\376\377\000T\000e\000r\000m\000e}{part.1}% 10
\BOOKMARK [2][-]{subsection.2.1}{\376\377\000T\000e\000r\000m\000-\000D\000e\000f\000i\000n\000i\000t\000i\000o\000n}{section.2}% 11
\BOOKMARK [2][-]{subsection.2.2}{\376\377\000V\000o\000r\000r\000a\000n\000g\000r\000e\000g\000e\000l\000n}{section.2}% 12
\BOOKMARK [2][-]{subsection.2.3}{\376\377\000T\000e\000r\000m\000e\000\040\000m\000i\000t\000\040\000N\000a\000m\000e\000n}{section.2}% 13
\BOOKMARK [1][-]{section.3}{\376\377\000G\000r\000u\000n\000d\000o\000p\000e\000r\000a\000t\000i\000o\000n\000e\000n}{part.1}% 14
\BOOKMARK [2][-]{subsection.3.1}{\376\377\000A\000d\000d\000i\000t\000i\000o\000n\000\040\000u\000n\000d\000\040\000S\000u\000b\000t\000r\000a\000k\000t\000i\000o\000n}{section.3}% 15
\BOOKMARK [2][-]{subsection.3.2}{\376\377\000M\000u\000l\000t\000i\000p\000l\000i\000k\000a\000t\000i\000o\000n}{section.3}% 16
\BOOKMARK [1][-]{section.4}{\376\377\000B\000i\000n\000o\000m\000i\000s\000c\000h\000e\000\040\000F\000o\000r\000m\000e\000l\000n}{part.1}% 17
\BOOKMARK [2][-]{subsection.4.1}{\376\377\000B\000i\000n\000o\000m\000i\000s\000c\000h\000e\000\040\000F\000o\000r\000m\000e\000l\000n}{section.4}% 18
\BOOKMARK [2][-]{subsection.4.2}{\376\377\000P\000a\000s\000c\000a\000l\000s\000c\000h\000e\000s\000\040\000D\000r\000e\000i\000e\000c\000k}{section.4}% 19
\BOOKMARK [2][-]{subsection.4.3}{\376\377\000D\000a\000s\000\040\000S\000u\000m\000m\000e\000n\000z\000e\000i\000c\000h\000e\000n}{section.4}% 20
\BOOKMARK [0][-]{part.2}{\376\377\000I\000I\000\040\000G\000e\000o\000m\000e\000t\000r\000i\000e\000\040\000I}{}% 21
\BOOKMARK [1][-]{section.5}{\376\377\000D\000r\000e\000i\000e\000c\000k\000e}{part.2}% 22
\BOOKMARK [2][-]{subsection.5.1}{\376\377\000R\000e\000c\000h\000t\000w\000i\000n\000k\000l\000i\000g\000e\000s\000\040\000D\000r\000e\000i\000e\000c\000k}{section.5}% 23
\BOOKMARK [2][-]{subsection.5.2}{\376\377\000S\000a\000t\000z\000\040\000d\000e\000s\000\040\000P\000y\000t\000h\000a\000g\000o\000r\000a\000s}{section.5}% 24
\BOOKMARK [2][-]{subsection.5.3}{\376\377\000H\000\366\000h\000e\000n\000s\000a\000t\000z\000\040\000\050\000o\000p\000t\000i\000o\000n\000a\000l\000\051}{section.5}% 25
\BOOKMARK [2][-]{subsection.5.4}{\376\377\000W\000i\000n\000k\000e\000l\000s\000u\000m\000m\000e\000\040\000i\000m\000\040\000D\000r\000e\000i\000e\000c\000k}{section.5}% 26
\BOOKMARK [2][-]{subsection.5.5}{\376\377\000g\000l\000e\000i\000c\000h\000s\000e\000i\000t\000i\000g\000e\000s\000\040\000D\000r\000e\000i\000e\000c\000k\000\040\000u\000n\000d\000\040\000h\000a\000l\000b\000e\000s\000\040\000Q\000u\000a\000d\000r\000a\000t}{section.5}% 27
\BOOKMARK [1][-]{section.6}{\376\377\000K\000r\000e\000i\000s\000e}{part.2}% 28
\BOOKMARK [2][-]{subsection.6.1}{\376\377\000K\000r\000e\000i\000s\000b\000e\000r\000\374\000h\000r\000u\000n\000g}{section.6}% 29
\BOOKMARK [2][-]{subsection.6.2}{\376\377\000U\000m\000f\000a\000n\000g\000\040\000u\000n\000d\000\040\000F\000l\000\344\000c\000h\000e}{section.6}% 30
\BOOKMARK [2][-]{subsection.6.3}{\376\377\000K\000r\000e\000i\000s\000t\000e\000i\000l\000e}{section.6}% 31
\BOOKMARK [0][-]{part.3}{\376\377\000I\000I\000I\000\040\000S\000t\000o\000c\000h\000a\000s\000t\000i\000k\000\040\000I}{}% 32
\BOOKMARK [1][-]{section.7}{\376\377\000K\000o\000m\000b\000i\000n\000a\000t\000o\000r\000i\000k}{part.3}% 33
\BOOKMARK [2][-]{subsection.7.1}{\376\377\000V\000a\000r\000i\000a\000t\000i\000o\000n\000\040\000m\000i\000t\000\040\000W\000i\000e\000d\000e\000r\000h\000o\000l\000u\000n\000g\000\040\000\050\000P\000r\000o\000d\000u\000k\000t\000r\000e\000g\000e\000l\000\051}{section.7}% 34
\BOOKMARK [2][-]{subsection.7.2}{\376\377\000V\000a\000r\000i\000a\000t\000i\000o\000n\000\040\000o\000h\000n\000e\000\040\000W\000i\000e\000d\000e\000r\000h\000o\000l\000u\000n\000g}{section.7}% 35
\BOOKMARK [2][-]{subsection.7.3}{\376\377\000K\000o\000m\000b\000i\000n\000a\000t\000i\000o\000n\000e\000n}{section.7}% 36
\BOOKMARK [2][-]{subsection.7.4}{\376\377\000Z\000u\000s\000a\000m\000m\000e\000n\000f\000a\000s\000s\000u\000n\000g}{section.7}% 37
\BOOKMARK [0][-]{part.4}{\376\377\000I\000V\000\040\000G\000l\000e\000i\000c\000h\000u\000n\000g\000e\000n\000\040\000I}{}% 38
\BOOKMARK [1][-]{section.8}{\376\377\000L\000i\000n\000e\000a\000r\000e\000\040\000G\000l\000e\000i\000c\000h\000u\000n\000g\000e\000n\000\040\000I}{part.4}% 39
\BOOKMARK [2][-]{subsection.8.1}{\376\377\000G\000r\000a\000p\000h\000i\000s\000c\000h\000e\000\040\000I\000n\000t\000e\000r\000p\000r\000e\000t\000a\000t\000i\000o\000n}{section.8}% 40
\BOOKMARK [2][-]{subsection.8.2}{\376\377\000\304\000q\000u\000i\000v\000a\000l\000e\000n\000z\000u\000m\000f\000o\000r\000m\000u\000n\000g\000e\000n}{section.8}% 41
\BOOKMARK [2][-]{subsection.8.3}{\376\377\000S\000p\000e\000z\000i\000e\000l\000l\000e\000\040\000l\000i\000n\000e\000a\000r\000e\000\040\000G\000l\000e\000i\000c\000h\000u\000n\000g\000e\000n}{section.8}% 42
\BOOKMARK [2][-]{subsection.8.4}{\376\377\000L\000\366\000s\000u\000n\000g\000s\000m\000e\000n\000g\000e}{section.8}% 43
\BOOKMARK [1][-]{section.9}{\376\377\000T\000e\000x\000t\000a\000u\000f\000g\000a\000b\000e\000n}{part.4}% 44
\BOOKMARK [1][-]{section.10}{\376\377\000L\000i\000n\000e\000a\000r\000e\000\040\000G\000l\000e\000i\000c\000h\000u\000n\000g\000e\000n\000\040\000m\000i\000t\000\040\000P\000a\000r\000a\000m\000e\000t\000e\000r\000n}{part.4}% 45
\BOOKMARK [0][-]{part.5}{\376\377\000V\000\040\000F\000u\000n\000k\000t\000i\000o\000n\000e\000n\000\040\000I}{}% 46
\BOOKMARK [1][-]{section.11}{\376\377\000K\000o\000o\000r\000d\000i\000n\000a\000t\000e\000n\000s\000y\000s\000t\000e\000m}{part.5}% 47
\BOOKMARK [2][-]{subsection.11.1}{\376\377\000D\000a\000s\000\040\000k\000a\000r\000t\000e\000s\000i\000s\000c\000h\000e\000\040\000K\000o\000o\000r\000d\000i\000n\000a\000t\000e\000n\000s\000y\000s\000t\000e\000m}{section.11}% 48
\BOOKMARK [2][-]{subsection.11.2}{\376\377\000B\000e\000z\000e\000i\000c\000h\000n\000u\000n\000g\000e\000n\000\040\000i\000m\000\040\000K\000o\000o\000r\000d\000i\000n\000a\000t\000e\000n\000s\000y\000s\000t\000e\000m}{section.11}% 49
\BOOKMARK [1][-]{section.12}{\376\377\000F\000u\000n\000k\000t\000i\000o\000n\000e\000n}{part.5}% 50
\BOOKMARK [2][-]{subsection.12.1}{\376\377\000A\000l\000l\000g\000e\000m\000e\000i\000n\000e\000r\000\040\000F\000u\000n\000k\000t\000i\000o\000n\000s\000b\000e\000g\000r\000i\000f\000f}{section.12}% 51
\BOOKMARK [2][-]{subsection.12.2}{\376\377\000A\000r\000t\000e\000n\000\040\000d\000e\000r\000\040\000D\000a\000r\000s\000t\000e\000l\000l\000u\000n\000g}{section.12}% 52
\BOOKMARK [1][-]{section.13}{\376\377\000L\000i\000n\000e\000a\000r\000e\000\040\000F\000u\000n\000k\000t\000i\000o\000n\000e\000n}{part.5}% 53
\BOOKMARK [2][-]{subsection.13.1}{\376\377\000E\000i\000n\000s\000t\000i\000e\000g\000s\000b\000e\000i\000s\000p\000i\000e\000l\000\040\000T\000a\000x\000i\000u\000n\000t\000e\000r\000n\000e\000h\000m\000e\000n}{section.13}% 54
\BOOKMARK [2][-]{subsection.13.2}{\376\377\000B\000e\000i\000s\000p\000i\000e\000l\000\040\000e\000i\000n\000e\000r\000\040\000l\000i\000n\000e\000a\000r\000e\000n\000\040\000F\000u\000n\000k\000t\000i\000o\000n}{section.13}% 55
\BOOKMARK [2][-]{subsection.13.3}{\376\377\000D\000e\000f\000i\000n\000i\000t\000i\000o\000n\000\040\000d\000e\000r\000\040\000l\000i\000n\000e\000a\000r\000e\000n\000\040\000F\000u\000n\000k\000t\000i\000o\000n}{section.13}% 56
\BOOKMARK [2][-]{subsection.13.4}{\376\377\000R\000e\000f\000e\000r\000e\000n\000z\000a\000u\000f\000g\000a\000b\000e\000n}{section.13}% 57
\BOOKMARK [2][-]{subsection.13.5}{\376\377\000L\000i\000n\000e\000a\000r\000e\000\040\000G\000l\000e\000i\000c\000h\000u\000n\000g\000e\000n\000\040\000v\000i\000s\000u\000a\000l\000i\000s\000i\000e\000r\000e\000n}{section.13}% 58
